Using pre-set license
Built from '2021.3/staging' branch; Version is '2021.3.45f1 (0da89fac8e79) revision 895135'; Using compiler version '192829333'; Build Type 'Release'
OS: 'Windows 11  (10.0.26100) 64bit CoreSingleLanguage' Language: 'es' Physical Memory: 7549 MB
BatchMode: 1, IsHumanControllingUs: 0, StartBugReporterOnCrash: 0, Is64bit: 1, IsPro: 1

COMMAND LINE ARGUMENTS:
D:\Unity\Hub\Editor\2021.3.45f1\Editor\Unity.exe
-adb2
-batchMode
-noUpm
-name
AssetImportWorker0
-projectPath
D:/Unity/Proyectos Unity/My project samu
-logFile
Logs/AssetImportWorker0.log
-srvPort
57812
Successfully changed project path to: D:/Unity/Proyectos Unity/My project samu
D:/Unity/Proyectos Unity/My project samu
[UnityMemory] Configuration Parameters - Can be set up in boot.config
    "memorysetup-bucket-allocator-granularity=16"
    "memorysetup-bucket-allocator-bucket-count=8"
    "memorysetup-bucket-allocator-block-size=33554432"
    "memorysetup-bucket-allocator-block-count=8"
    "memorysetup-main-allocator-block-size=16777216"
    "memorysetup-thread-allocator-block-size=16777216"
    "memorysetup-gfx-main-allocator-block-size=16777216"
    "memorysetup-gfx-thread-allocator-block-size=16777216"
    "memorysetup-cache-allocator-block-size=4194304"
    "memorysetup-typetree-allocator-block-size=2097152"
    "memorysetup-profiler-bucket-allocator-granularity=16"
    "memorysetup-profiler-bucket-allocator-bucket-count=8"
    "memorysetup-profiler-bucket-allocator-block-size=33554432"
    "memorysetup-profiler-bucket-allocator-block-count=8"
    "memorysetup-profiler-allocator-block-size=16777216"
    "memorysetup-profiler-editor-allocator-block-size=1048576"
    "memorysetup-temp-allocator-size-main=16777216"
    "memorysetup-job-temp-allocator-block-size=2097152"
    "memorysetup-job-temp-allocator-block-size-background=1048576"
    "memorysetup-job-temp-allocator-reduction-small-platforms=262144"
    "memorysetup-temp-allocator-size-background-worker=32768"
    "memorysetup-temp-allocator-size-job-worker=262144"
    "memorysetup-temp-allocator-size-preload-manager=33554432"
    "memorysetup-temp-allocator-size-nav-mesh-worker=65536"
    "memorysetup-temp-allocator-size-audio-worker=65536"
    "memorysetup-temp-allocator-size-cloud-worker=32768"
    "memorysetup-temp-allocator-size-gi-baking-worker=262144"
    "memorysetup-temp-allocator-size-gfx=262144"
Player connection [20232] Host "[IP] 192.168.56.1 [Port] 0 [Flags] 2 [Guid] 3470546748 [EditorId] 3470546748 [Version] 1048832 [Id] WindowsEditor(7,LAPTOP-6JJV080S) [Debug] 1 [PackageName] WindowsEditor [ProjectName] Editor" joined multi-casting on [225.0.0.222:54997]...

Player connection [20232] Host "[IP] 192.168.56.1 [Port] 0 [Flags] 2 [Guid] 3470546748 [EditorId] 3470546748 [Version] 1048832 [Id] WindowsEditor(7,LAPTOP-6JJV080S) [Debug] 1 [PackageName] WindowsEditor [ProjectName] Editor" joined alternative multi-casting on [225.0.0.222:34997]...

[Physics::Module] Initialized MultithreadedJobDispatcher with {0} workers.
Refreshing native plugins compatible for Editor in 66.08 ms, found 3 plugins.
Preloading 0 native plugins for Editor in 0.00 ms.
Initialize engine version: 2021.3.45f1 (0da89fac8e79)
[Subsystems] Discovering subsystems at path D:/Unity/Hub/Editor/2021.3.45f1/Editor/Data/Resources/UnitySubsystems
[Subsystems] Discovering subsystems at path D:/Unity/Proyectos Unity/My project samu/Assets
GfxDevice: creating device client; threaded=0; jobified=0
Direct3D:
    Version:  Direct3D 11.0 [level 11.1]
    Renderer: AMD Radeon(TM) Graphics (ID=0x1636)
    Vendor:   ATI
    VRAM:     3774 MB
    Driver:   31.0.21916.2
Initialize mono
Mono path[0] = 'D:/Unity/Hub/Editor/2021.3.45f1/Editor/Data/Managed'
Mono path[1] = 'D:/Unity/Hub/Editor/2021.3.45f1/Editor/Data/MonoBleedingEdge/lib/mono/unityjit-win32'
Mono config path = 'D:/Unity/Hub/Editor/2021.3.45f1/Editor/Data/MonoBleedingEdge/etc'
Using monoOptions --debugger-agent=transport=dt_socket,embedding=1,server=y,suspend=n,address=127.0.0.1:56024
Begin MonoManager ReloadAssembly
Registering precompiled unity dll's ...
Register platform support module: D:/Unity/Hub/Editor/2021.3.45f1/Editor/Data/PlaybackEngines/WindowsStandaloneSupport/UnityEditor.WindowsStandalone.Extensions.dll
Registered in 0.002287 seconds.
Native extension for WindowsStandalone target not found
Refreshing native plugins compatible for Editor in 61.20 ms, found 3 plugins.
Preloading 0 native plugins for Editor in 0.00 ms.
Mono: successfully reloaded assembly
- Completed reload, in  0.645 seconds
Domain Reload Profiling:
	ReloadAssembly (646ms)
		BeginReloadAssembly (126ms)
			ExecutionOrderSort (0ms)
			DisableScriptedObjects (0ms)
			BackupInstance (0ms)
			ReleaseScriptingObjects (0ms)
			CreateAndSetChildDomain (1ms)
		EndReloadAssembly (432ms)
			LoadAssemblies (127ms)
			RebuildTransferFunctionScriptingTraits (0ms)
			SetupTypeCache (112ms)
			ReleaseScriptCaches (0ms)
			RebuildScriptCaches (30ms)
			SetupLoadedEditorAssemblies (251ms)
				LogAssemblyErrors (0ms)
				InitializePlatformSupportModulesInManaged (7ms)
				SetLoadedEditorAssemblies (0ms)
				RefreshPlugins (61ms)
				BeforeProcessingInitializeOnLoad (1ms)
				ProcessInitializeOnLoadAttributes (128ms)
				ProcessInitializeOnLoadMethodAttributes (53ms)
				AfterProcessingInitializeOnLoad (0ms)
				EditorAssembliesLoaded (0ms)
			ExecutionOrderSort2 (0ms)
			AwakeInstancesAfterBackupRestoration (0ms)
Platform modules already initialized, skipping
Registering precompiled user dll's ...
Registered in 0.004006 seconds.
Begin MonoManager ReloadAssembly
Native extension for WindowsStandalone target not found
Refreshing native plugins compatible for Editor in 66.34 ms, found 3 plugins.
Preloading 0 native plugins for Editor in 0.00 ms.
Package Manager log level set to [2]
[Package Manager] Server::EnsureServerProcessIsRunning -- launch failed, reason: Unity was launched with the -noUpm command-line argument
[Package Manager] Cannot connect to Unity Package Manager local server
Mono: successfully reloaded assembly
- Completed reload, in  1.678 seconds
Domain Reload Profiling:
	ReloadAssembly (1679ms)
		BeginReloadAssembly (150ms)
			ExecutionOrderSort (0ms)
			DisableScriptedObjects (10ms)
			BackupInstance (0ms)
			ReleaseScriptingObjects (0ms)
			CreateAndSetChildDomain (24ms)
		EndReloadAssembly (1431ms)
			LoadAssemblies (165ms)
			RebuildTransferFunctionScriptingTraits (0ms)
			SetupTypeCache (326ms)
			ReleaseScriptCaches (1ms)
			RebuildScriptCaches (59ms)
			SetupLoadedEditorAssemblies (876ms)
				LogAssemblyErrors (0ms)
				InitializePlatformSupportModulesInManaged (4ms)
				SetLoadedEditorAssemblies (0ms)
				RefreshPlugins (66ms)
				BeforeProcessingInitializeOnLoad (69ms)
				ProcessInitializeOnLoadAttributes (666ms)
				ProcessInitializeOnLoadMethodAttributes (68ms)
				AfterProcessingInitializeOnLoad (2ms)
				EditorAssembliesLoaded (0ms)
			ExecutionOrderSort2 (0ms)
			AwakeInstancesAfterBackupRestoration (6ms)
Platform modules already initialized, skipping
========================================================================
Worker process is ready to serve import requests
Launched and connected shader compiler UnityShaderCompiler.exe after 0.05 seconds
Refreshing native plugins compatible for Editor in 1.28 ms, found 3 plugins.
Preloading 0 native plugins for Editor in 0.00 ms.
Unloading 4196 Unused Serialized files (Serialized files now loaded: 0)
Unloading 38 unused Assets / (2.0 MB). Loaded Objects now: 4661.
Memory consumption went from 166.2 MB to 164.1 MB.
Total: 4.458700 ms (FindLiveObjects: 0.485200 ms CreateObjectMapping: 0.114800 ms MarkObjects: 3.328500 ms  DeleteObjects: 0.528600 ms)

AssetImportParameters requested are different than current active one (requested -> active):
  custom:video-decoder-ogg-theora: a1e56fd34408186e4bbccfd4996cb3dc -> 
  custom:container-muxer-webm: aa71ff27fc2769a1b78a27578f13a17b -> 
  custom:container-demuxer-webm: 4f35f7cbe854078d1ac9338744f61a02 -> 
  custom:video-encoder-webm-vp8: eb34c28f22e8b96e1ab97ce403110664 -> 
  custom:video-codec-MediaFoundation-h265: 746d11721c4dcdbdad8f713fa42b33f4 -> 
  custom:CustomObjectIndexerAttribute: bc11b3a6c3213fcdd17b65e7da85e133 -> 
  custom:audio-encoder-webm-vorbis: bf7c407c2cedff20999df2af8eb42d56 -> 
  custom:framework-win-MediaFoundation: 216162199b28c13a410421893ffa2e32 -> 
  custom:SearchIndexIgnoredProperties: e643bd26f0fe6173181afceb89e7c659 -> 
  custom:container-demuxer-ogg: 62fdf1f143b41e24485cea50d1cbac27 -> 
  custom:video-decoder-webm-vp8: 9c59270c3fd7afecdb556c50c9e8de78 -> 
  custom:audio-decoder-ogg-vorbis: bf7c407c2cedff20999df2af8eb42d56 -> 
========================================================================
Received Prepare
Registering precompiled user dll's ...
Registered in 0.003241 seconds.
Begin MonoManager ReloadAssembly
Native extension for WindowsStandalone target not found
Refreshing native plugins compatible for Editor in 0.90 ms, found 3 plugins.
Preloading 0 native plugins for Editor in 0.00 ms.
[Package Manager] Server::EnsureServerProcessIsRunning -- launch failed, reason: Unity was launched with the -noUpm command-line argument
[Package Manager] Cannot connect to Unity Package Manager local server
Mono: successfully reloaded assembly
- Completed reload, in  1.731 seconds
Domain Reload Profiling:
	ReloadAssembly (1731ms)
		BeginReloadAssembly (185ms)
			ExecutionOrderSort (0ms)
			DisableScriptedObjects (6ms)
			BackupInstance (0ms)
			ReleaseScriptingObjects (0ms)
			CreateAndSetChildDomain (47ms)
		EndReloadAssembly (1429ms)
			LoadAssemblies (129ms)
			RebuildTransferFunctionScriptingTraits (0ms)
			SetupTypeCache (371ms)
			ReleaseScriptCaches (2ms)
			RebuildScriptCaches (53ms)
			SetupLoadedEditorAssemblies (876ms)
				LogAssemblyErrors (0ms)
				InitializePlatformSupportModulesInManaged (4ms)
				SetLoadedEditorAssemblies (0ms)
				RefreshPlugins (1ms)
				BeforeProcessingInitializeOnLoad (71ms)
				ProcessInitializeOnLoadAttributes (737ms)
				ProcessInitializeOnLoadMethodAttributes (61ms)
				AfterProcessingInitializeOnLoad (2ms)
				EditorAssembliesLoaded (0ms)
			ExecutionOrderSort2 (0ms)
			AwakeInstancesAfterBackupRestoration (6ms)
Platform modules already initialized, skipping
Refreshing native plugins compatible for Editor in 0.83 ms, found 3 plugins.
Preloading 0 native plugins for Editor in 0.00 ms.
Unloading 4140 Unused Serialized files (Serialized files now loaded: 0)
Unloading 33 unused Assets / (2.0 MB). Loaded Objects now: 4664.
Memory consumption went from 160.6 MB to 158.6 MB.
Total: 5.467600 ms (FindLiveObjects: 0.517500 ms CreateObjectMapping: 0.148800 ms MarkObjects: 4.103600 ms  DeleteObjects: 0.695900 ms)

AssetImportParameters requested are different than current active one (requested -> active):
  custom:video-decoder-ogg-theora: a1e56fd34408186e4bbccfd4996cb3dc -> 
  custom:container-muxer-webm: aa71ff27fc2769a1b78a27578f13a17b -> 
  custom:container-demuxer-webm: 4f35f7cbe854078d1ac9338744f61a02 -> 
  custom:video-encoder-webm-vp8: eb34c28f22e8b96e1ab97ce403110664 -> 
  custom:video-codec-MediaFoundation-h265: 746d11721c4dcdbdad8f713fa42b33f4 -> 
  custom:CustomObjectIndexerAttribute: bc11b3a6c3213fcdd17b65e7da85e133 -> 
  custom:audio-encoder-webm-vorbis: bf7c407c2cedff20999df2af8eb42d56 -> 
  custom:framework-win-MediaFoundation: 216162199b28c13a410421893ffa2e32 -> 
  custom:SearchIndexIgnoredProperties: e643bd26f0fe6173181afceb89e7c659 -> 
  custom:container-demuxer-ogg: 62fdf1f143b41e24485cea50d1cbac27 -> 
  custom:video-decoder-webm-vp8: 9c59270c3fd7afecdb556c50c9e8de78 -> 
  custom:audio-decoder-ogg-vorbis: bf7c407c2cedff20999df2af8eb42d56 -> 
========================================================================
Received Import Request.
  Time since last request: 215424.708588 seconds.
  path: Assets/Prefabs/casa/casaMadera.prefab
  artifactKey: Guid(14df45bc98bb8bb4b839686bb705af22) Importer(815301076,1909f56bfc062723c751e8b465ee728b)
Number of updated assets reloaded before import = 0
Start importing Assets/Prefabs/casa/casaMadera.prefab using Guid(14df45bc98bb8bb4b839686bb705af22) Importer(815301076,1909f56bfc062723c751e8b465ee728b)  -> (artifact id: 'a3aaaa755d185adf8edea102fe4bd0d6') in 0.128420 seconds 
Number of asset objects unloaded after import = 348
========================================================================
Received Import Request.
  Time since last request: 208.817806 seconds.
  path: Assets/Scripts/Menu.cs
  artifactKey: Guid(8fe548ddc7c651442bff620303e7449d) Importer(815301076,1909f56bfc062723c751e8b465ee728b)
Number of updated assets reloaded before import = 0
Start importing Assets/Scripts/Menu.cs using Guid(8fe548ddc7c651442bff620303e7449d) Importer(815301076,1909f56bfc062723c751e8b465ee728b)  -> (artifact id: '9ba5bac2901fe20b93941b6eb9c8682c') in 0.018380 seconds 
Number of asset objects unloaded after import = 0
========================================================================
Received Prepare
Registering precompiled user dll's ...
Registered in 0.003289 seconds.
Begin MonoManager ReloadAssembly
Native extension for WindowsStandalone target not found
Refreshing native plugins compatible for Editor in 0.84 ms, found 3 plugins.
Preloading 0 native plugins for Editor in 0.00 ms.
[Package Manager] Server::EnsureServerProcessIsRunning -- launch failed, reason: Unity was launched with the -noUpm command-line argument
[Package Manager] Cannot connect to Unity Package Manager local server
Mono: successfully reloaded assembly
- Completed reload, in  1.398 seconds
Domain Reload Profiling:
	ReloadAssembly (1399ms)
		BeginReloadAssembly (178ms)
			ExecutionOrderSort (0ms)
			DisableScriptedObjects (6ms)
			BackupInstance (0ms)
			ReleaseScriptingObjects (0ms)
			CreateAndSetChildDomain (61ms)
		EndReloadAssembly (1142ms)
			LoadAssemblies (99ms)
			RebuildTransferFunctionScriptingTraits (0ms)
			SetupTypeCache (277ms)
			ReleaseScriptCaches (2ms)
			RebuildScriptCaches (41ms)
			SetupLoadedEditorAssemblies (725ms)
				LogAssemblyErrors (0ms)
				InitializePlatformSupportModulesInManaged (4ms)
				SetLoadedEditorAssemblies (0ms)
				RefreshPlugins (1ms)
				BeforeProcessingInitializeOnLoad (51ms)
				ProcessInitializeOnLoadAttributes (610ms)
				ProcessInitializeOnLoadMethodAttributes (55ms)
				AfterProcessingInitializeOnLoad (2ms)
				EditorAssembliesLoaded (0ms)
			ExecutionOrderSort2 (0ms)
			AwakeInstancesAfterBackupRestoration (6ms)
Platform modules already initialized, skipping
Refreshing native plugins compatible for Editor in 1.05 ms, found 3 plugins.
Preloading 0 native plugins for Editor in 0.00 ms.
Unloading 4140 Unused Serialized files (Serialized files now loaded: 0)
Unloading 33 unused Assets / (2.0 MB). Loaded Objects now: 4676.
Memory consumption went from 165.1 MB to 163.1 MB.
Total: 4.711500 ms (FindLiveObjects: 0.699100 ms CreateObjectMapping: 0.119600 ms MarkObjects: 3.163200 ms  DeleteObjects: 0.726200 ms)

AssetImportParameters requested are different than current active one (requested -> active):
  custom:video-decoder-ogg-theora: a1e56fd34408186e4bbccfd4996cb3dc -> 
  custom:container-muxer-webm: aa71ff27fc2769a1b78a27578f13a17b -> 
  custom:container-demuxer-webm: 4f35f7cbe854078d1ac9338744f61a02 -> 
  custom:video-encoder-webm-vp8: eb34c28f22e8b96e1ab97ce403110664 -> 
  custom:video-codec-MediaFoundation-h265: 746d11721c4dcdbdad8f713fa42b33f4 -> 
  custom:CustomObjectIndexerAttribute: bc11b3a6c3213fcdd17b65e7da85e133 -> 
  custom:audio-encoder-webm-vorbis: bf7c407c2cedff20999df2af8eb42d56 -> 
  custom:framework-win-MediaFoundation: 216162199b28c13a410421893ffa2e32 -> 
  custom:SearchIndexIgnoredProperties: e643bd26f0fe6173181afceb89e7c659 -> 
  custom:container-demuxer-ogg: 62fdf1f143b41e24485cea50d1cbac27 -> 
  custom:video-decoder-webm-vp8: 9c59270c3fd7afecdb556c50c9e8de78 -> 
  custom:audio-decoder-ogg-vorbis: bf7c407c2cedff20999df2af8eb42d56 -> 
========================================================================
Received Prepare
Registering precompiled user dll's ...
Registered in 0.003457 seconds.
Begin MonoManager ReloadAssembly
Native extension for WindowsStandalone target not found
Refreshing native plugins compatible for Editor in 2.11 ms, found 3 plugins.
Preloading 0 native plugins for Editor in 0.00 ms.
[Package Manager] Server::EnsureServerProcessIsRunning -- launch failed, reason: Unity was launched with the -noUpm command-line argument
[Package Manager] Cannot connect to Unity Package Manager local server
Mono: successfully reloaded assembly
- Completed reload, in  1.887 seconds
Domain Reload Profiling:
	ReloadAssembly (1889ms)
		BeginReloadAssembly (139ms)
			ExecutionOrderSort (0ms)
			DisableScriptedObjects (4ms)
			BackupInstance (0ms)
			ReleaseScriptingObjects (0ms)
			CreateAndSetChildDomain (37ms)
		EndReloadAssembly (1661ms)
			LoadAssemblies (93ms)
			RebuildTransferFunctionScriptingTraits (0ms)
			SetupTypeCache (452ms)
			ReleaseScriptCaches (4ms)
			RebuildScriptCaches (79ms)
			SetupLoadedEditorAssemblies (966ms)
				LogAssemblyErrors (0ms)
				InitializePlatformSupportModulesInManaged (8ms)
				SetLoadedEditorAssemblies (1ms)
				RefreshPlugins (2ms)
				BeforeProcessingInitializeOnLoad (92ms)
				ProcessInitializeOnLoadAttributes (761ms)
				ProcessInitializeOnLoadMethodAttributes (99ms)
				AfterProcessingInitializeOnLoad (3ms)
				EditorAssembliesLoaded (0ms)
			ExecutionOrderSort2 (0ms)
			AwakeInstancesAfterBackupRestoration (10ms)
Platform modules already initialized, skipping
Refreshing native plugins compatible for Editor in 2.05 ms, found 3 plugins.
Preloading 0 native plugins for Editor in 0.00 ms.
Unloading 4140 Unused Serialized files (Serialized files now loaded: 0)
Unloading 33 unused Assets / (2.0 MB). Loaded Objects now: 4679.
Memory consumption went from 165.1 MB to 163.1 MB.
Total: 7.873700 ms (FindLiveObjects: 1.212500 ms CreateObjectMapping: 0.202500 ms MarkObjects: 4.686200 ms  DeleteObjects: 1.769700 ms)

AssetImportParameters requested are different than current active one (requested -> active):
  custom:video-decoder-ogg-theora: a1e56fd34408186e4bbccfd4996cb3dc -> 
  custom:container-muxer-webm: aa71ff27fc2769a1b78a27578f13a17b -> 
  custom:container-demuxer-webm: 4f35f7cbe854078d1ac9338744f61a02 -> 
  custom:video-encoder-webm-vp8: eb34c28f22e8b96e1ab97ce403110664 -> 
  custom:video-codec-MediaFoundation-h265: 746d11721c4dcdbdad8f713fa42b33f4 -> 
  custom:CustomObjectIndexerAttribute: bc11b3a6c3213fcdd17b65e7da85e133 -> 
  custom:audio-encoder-webm-vorbis: bf7c407c2cedff20999df2af8eb42d56 -> 
  custom:framework-win-MediaFoundation: 216162199b28c13a410421893ffa2e32 -> 
  custom:SearchIndexIgnoredProperties: e643bd26f0fe6173181afceb89e7c659 -> 
  custom:container-demuxer-ogg: 62fdf1f143b41e24485cea50d1cbac27 -> 
  custom:video-decoder-webm-vp8: 9c59270c3fd7afecdb556c50c9e8de78 -> 
  custom:audio-decoder-ogg-vorbis: bf7c407c2cedff20999df2af8eb42d56 -> 
========================================================================
Received Import Request.
  Time since last request: 344.226820 seconds.
  path: Assets/Prefabs/almacen/almacenHormigon.prefab
  artifactKey: Guid(6ea0c9760ea19674880409f10006fc84) Importer(815301076,1909f56bfc062723c751e8b465ee728b)
Number of updated assets reloaded before import = 0
Start importing Assets/Prefabs/almacen/almacenHormigon.prefab using Guid(6ea0c9760ea19674880409f10006fc84) Importer(815301076,1909f56bfc062723c751e8b465ee728b)  -> (artifact id: '8fe722ffd04a4caf096b063b553c4795') in 0.077361 seconds 
Number of asset objects unloaded after import = 818
========================================================================
Received Import Request.
  Time since last request: 14.961699 seconds.
  path: Assets/Prefabs/almacen/almacenHormigon.prefab
  artifactKey: Guid(6ea0c9760ea19674880409f10006fc84) Importer(815301076,1909f56bfc062723c751e8b465ee728b)
Number of updated assets reloaded before import = 0
Start importing Assets/Prefabs/almacen/almacenHormigon.prefab using Guid(6ea0c9760ea19674880409f10006fc84) Importer(815301076,1909f56bfc062723c751e8b465ee728b)  -> (artifact id: 'f6a2370f309cb330e44fe3ee3047b4d3') in 0.028322 seconds 
Number of asset objects unloaded after import = 863
========================================================================
Received Import Request.
  Time since last request: 8.573674 seconds.
  path: Assets/Prefabs/almacen/almacenHormigon.prefab
  artifactKey: Guid(6ea0c9760ea19674880409f10006fc84) Importer(815301076,1909f56bfc062723c751e8b465ee728b)
Number of updated assets reloaded before import = 0
Start importing Assets/Prefabs/almacen/almacenHormigon.prefab using Guid(6ea0c9760ea19674880409f10006fc84) Importer(815301076,1909f56bfc062723c751e8b465ee728b)  -> (artifact id: 'b6bd1d311136921746de4763670a11c0') in 0.025702 seconds 
Number of asset objects unloaded after import = 881
========================================================================
Received Import Request.
  Time since last request: 8.944537 seconds.
  path: Assets/Prefabs/almacen/almacenHormigon.prefab
  artifactKey: Guid(6ea0c9760ea19674880409f10006fc84) Importer(815301076,1909f56bfc062723c751e8b465ee728b)
Number of updated assets reloaded before import = 0
Start importing Assets/Prefabs/almacen/almacenHormigon.prefab using Guid(6ea0c9760ea19674880409f10006fc84) Importer(815301076,1909f56bfc062723c751e8b465ee728b)  -> (artifact id: 'eaa725359223e5120c777c2076582969') in 0.029356 seconds 
Number of asset objects unloaded after import = 908
========================================================================
Received Prepare
Registering precompiled user dll's ...
Registered in 0.003302 seconds.
Begin MonoManager ReloadAssembly
Native extension for WindowsStandalone target not found
Refreshing native plugins compatible for Editor in 2.05 ms, found 3 plugins.
Preloading 0 native plugins for Editor in 0.00 ms.
[Package Manager] Server::EnsureServerProcessIsRunning -- launch failed, reason: Unity was launched with the -noUpm command-line argument
[Package Manager] Cannot connect to Unity Package Manager local server
Mono: successfully reloaded assembly
- Completed reload, in  1.713 seconds
Domain Reload Profiling:
	ReloadAssembly (1714ms)
		BeginReloadAssembly (138ms)
			ExecutionOrderSort (0ms)
			DisableScriptedObjects (4ms)
			BackupInstance (0ms)
			ReleaseScriptingObjects (0ms)
			CreateAndSetChildDomain (36ms)
		EndReloadAssembly (1494ms)
			LoadAssemblies (93ms)
			RebuildTransferFunctionScriptingTraits (0ms)
			SetupTypeCache (292ms)
			ReleaseScriptCaches (4ms)
			RebuildScriptCaches (77ms)
			SetupLoadedEditorAssemblies (976ms)
				LogAssemblyErrors (0ms)
				InitializePlatformSupportModulesInManaged (7ms)
				SetLoadedEditorAssemblies (3ms)
				RefreshPlugins (2ms)
				BeforeProcessingInitializeOnLoad (88ms)
				ProcessInitializeOnLoadAttributes (779ms)
				ProcessInitializeOnLoadMethodAttributes (94ms)
				AfterProcessingInitializeOnLoad (3ms)
				EditorAssembliesLoaded (0ms)
			ExecutionOrderSort2 (0ms)
			AwakeInstancesAfterBackupRestoration (9ms)
Platform modules already initialized, skipping
Refreshing native plugins compatible for Editor in 2.12 ms, found 3 plugins.
Preloading 0 native plugins for Editor in 0.00 ms.
Unloading 4140 Unused Serialized files (Serialized files now loaded: 0)
Unloading 33 unused Assets / (2.0 MB). Loaded Objects now: 4682.
Memory consumption went from 165.3 MB to 163.3 MB.
Total: 7.160700 ms (FindLiveObjects: 1.131100 ms CreateObjectMapping: 0.180900 ms MarkObjects: 4.124000 ms  DeleteObjects: 1.722000 ms)

AssetImportParameters requested are different than current active one (requested -> active):
  custom:video-decoder-ogg-theora: a1e56fd34408186e4bbccfd4996cb3dc -> 
  custom:container-muxer-webm: aa71ff27fc2769a1b78a27578f13a17b -> 
  custom:container-demuxer-webm: 4f35f7cbe854078d1ac9338744f61a02 -> 
  custom:video-encoder-webm-vp8: eb34c28f22e8b96e1ab97ce403110664 -> 
  custom:video-codec-MediaFoundation-h265: 746d11721c4dcdbdad8f713fa42b33f4 -> 
  custom:CustomObjectIndexerAttribute: bc11b3a6c3213fcdd17b65e7da85e133 -> 
  custom:audio-encoder-webm-vorbis: bf7c407c2cedff20999df2af8eb42d56 -> 
  custom:framework-win-MediaFoundation: 216162199b28c13a410421893ffa2e32 -> 
  custom:SearchIndexIgnoredProperties: e643bd26f0fe6173181afceb89e7c659 -> 
  custom:container-demuxer-ogg: 62fdf1f143b41e24485cea50d1cbac27 -> 
  custom:video-decoder-webm-vp8: 9c59270c3fd7afecdb556c50c9e8de78 -> 
  custom:audio-decoder-ogg-vorbis: bf7c407c2cedff20999df2af8eb42d56 -> 
========================================================================
Received Import Request.
  Time since last request: 88.363239 seconds.
  path: Assets/Prefabs/almacen/almacenHormigon.prefab
  artifactKey: Guid(6ea0c9760ea19674880409f10006fc84) Importer(815301076,1909f56bfc062723c751e8b465ee728b)
Number of updated assets reloaded before import = 0
Start importing Assets/Prefabs/almacen/almacenHormigon.prefab using Guid(6ea0c9760ea19674880409f10006fc84) Importer(815301076,1909f56bfc062723c751e8b465ee728b)  -> (artifact id: 'be308641a678d2406909b5ffc39d1c05') in 0.075365 seconds 
Number of asset objects unloaded after import = 908
========================================================================
Received Import Request.
  Time since last request: 13.298468 seconds.
  path: Assets/Prefabs/almacen/almacenHormigon.prefab
  artifactKey: Guid(6ea0c9760ea19674880409f10006fc84) Importer(815301076,1909f56bfc062723c751e8b465ee728b)
Number of updated assets reloaded before import = 0
Start importing Assets/Prefabs/almacen/almacenHormigon.prefab using Guid(6ea0c9760ea19674880409f10006fc84) Importer(815301076,1909f56bfc062723c751e8b465ee728b)  -> (artifact id: '47dabaa140c76f27a03739f52422c922') in 0.030539 seconds 
Number of asset objects unloaded after import = 908
========================================================================
Received Import Request.
  Time since last request: 17.325367 seconds.
  path: Assets/Prefabs/almacen/almacenHormigon.prefab
  artifactKey: Guid(6ea0c9760ea19674880409f10006fc84) Importer(815301076,1909f56bfc062723c751e8b465ee728b)
Number of updated assets reloaded before import = 0
Start importing Assets/Prefabs/almacen/almacenHormigon.prefab using Guid(6ea0c9760ea19674880409f10006fc84) Importer(815301076,1909f56bfc062723c751e8b465ee728b)  -> (artifact id: '1bf011f9f4f5ec6383a952d090b65553') in 0.027643 seconds 
Number of asset objects unloaded after import = 908
========================================================================
Received Import Request.
  Time since last request: 5.631525 seconds.
  path: Assets/Prefabs/almacen/almacenHormigon.prefab
  artifactKey: Guid(6ea0c9760ea19674880409f10006fc84) Importer(815301076,1909f56bfc062723c751e8b465ee728b)
Number of updated assets reloaded before import = 0
Start importing Assets/Prefabs/almacen/almacenHormigon.prefab using Guid(6ea0c9760ea19674880409f10006fc84) Importer(815301076,1909f56bfc062723c751e8b465ee728b)  -> (artifact id: '40d17ea6a541bfae82cff9186a8fca56') in 0.033597 seconds 
Number of asset objects unloaded after import = 908
========================================================================
Received Import Request.
  Time since last request: 3.820898 seconds.
  path: Assets/Prefabs/almacen/almacenHormigon.prefab
  artifactKey: Guid(6ea0c9760ea19674880409f10006fc84) Importer(815301076,1909f56bfc062723c751e8b465ee728b)
Number of updated assets reloaded before import = 0
Start importing Assets/Prefabs/almacen/almacenHormigon.prefab using Guid(6ea0c9760ea19674880409f10006fc84) Importer(815301076,1909f56bfc062723c751e8b465ee728b)  -> (artifact id: '56d7f1bb45591d79de9985d67a28940f') in 0.031023 seconds 
Number of asset objects unloaded after import = 908
========================================================================
Received Import Request.
  Time since last request: 4.813113 seconds.
  path: Assets/Prefabs/almacen/almacenHormigon.prefab
  artifactKey: Guid(6ea0c9760ea19674880409f10006fc84) Importer(815301076,1909f56bfc062723c751e8b465ee728b)
Number of updated assets reloaded before import = 0
Start importing Assets/Prefabs/almacen/almacenHormigon.prefab using Guid(6ea0c9760ea19674880409f10006fc84) Importer(815301076,1909f56bfc062723c751e8b465ee728b)  -> (artifact id: '024f847ca41a296351d96706eb9e44f7') in 0.027269 seconds 
Number of asset objects unloaded after import = 908
========================================================================
Received Import Request.
  Time since last request: 10.222072 seconds.
  path: Assets/Prefabs/almacen/almacenHormigon.prefab
  artifactKey: Guid(6ea0c9760ea19674880409f10006fc84) Importer(815301076,1909f56bfc062723c751e8b465ee728b)
Number of updated assets reloaded before import = 0
Start importing Assets/Prefabs/almacen/almacenHormigon.prefab using Guid(6ea0c9760ea19674880409f10006fc84) Importer(815301076,1909f56bfc062723c751e8b465ee728b)  -> (artifact id: '8c5845e7ddbd6c6b70a3ab487c67c508') in 0.027452 seconds 
Number of asset objects unloaded after import = 908
========================================================================
Received Import Request.
  Time since last request: 5.008839 seconds.
  path: Assets/Prefabs/almacen/almacenHormigon.prefab
  artifactKey: Guid(6ea0c9760ea19674880409f10006fc84) Importer(815301076,1909f56bfc062723c751e8b465ee728b)
Number of updated assets reloaded before import = 0
Start importing Assets/Prefabs/almacen/almacenHormigon.prefab using Guid(6ea0c9760ea19674880409f10006fc84) Importer(815301076,1909f56bfc062723c751e8b465ee728b)  -> (artifact id: '04ade298e7f98136a02b43c37b27d5af') in 0.026288 seconds 
Number of asset objects unloaded after import = 908
========================================================================
Received Import Request.
  Time since last request: 9.769400 seconds.
  path: Assets/Prefabs/almacen/almacenHormigon.prefab
  artifactKey: Guid(6ea0c9760ea19674880409f10006fc84) Importer(815301076,1909f56bfc062723c751e8b465ee728b)
Number of updated assets reloaded before import = 0
Start importing Assets/Prefabs/almacen/almacenHormigon.prefab using Guid(6ea0c9760ea19674880409f10006fc84) Importer(815301076,1909f56bfc062723c751e8b465ee728b)  -> (artifact id: '3b66ee3012571cac7a0a0cd3219a87ca') in 0.030213 seconds 
Number of asset objects unloaded after import = 908
========================================================================
Received Import Request.
  Time since last request: 5.428871 seconds.
  path: Assets/Prefabs/almacen/almacenHormigon.prefab
  artifactKey: Guid(6ea0c9760ea19674880409f10006fc84) Importer(815301076,1909f56bfc062723c751e8b465ee728b)
Number of updated assets reloaded before import = 0
Start importing Assets/Prefabs/almacen/almacenHormigon.prefab using Guid(6ea0c9760ea19674880409f10006fc84) Importer(815301076,1909f56bfc062723c751e8b465ee728b)  -> (artifact id: '742e77049cd62060a7761ff3aad68bb4') in 0.027814 seconds 
Number of asset objects unloaded after import = 908
========================================================================
Received Prepare
Registering precompiled user dll's ...
Registered in 0.003493 seconds.
Begin MonoManager ReloadAssembly
Native extension for WindowsStandalone target not found
Refreshing native plugins compatible for Editor in 2.23 ms, found 3 plugins.
Preloading 0 native plugins for Editor in 0.00 ms.
[Package Manager] Server::EnsureServerProcessIsRunning -- launch failed, reason: Unity was launched with the -noUpm command-line argument
[Package Manager] Cannot connect to Unity Package Manager local server
Mono: successfully reloaded assembly
- Completed reload, in  2.021 seconds
Domain Reload Profiling:
	ReloadAssembly (2022ms)
		BeginReloadAssembly (151ms)
			ExecutionOrderSort (0ms)
			DisableScriptedObjects (4ms)
			BackupInstance (0ms)
			ReleaseScriptingObjects (0ms)
			CreateAndSetChildDomain (39ms)
		EndReloadAssembly (1783ms)
			LoadAssemblies (176ms)
			RebuildTransferFunctionScriptingTraits (0ms)
			SetupTypeCache (464ms)
			ReleaseScriptCaches (4ms)
			RebuildScriptCaches (83ms)
			SetupLoadedEditorAssemblies (1005ms)
				LogAssemblyErrors (0ms)
				InitializePlatformSupportModulesInManaged (9ms)
				SetLoadedEditorAssemblies (4ms)
				RefreshPlugins (2ms)
				BeforeProcessingInitializeOnLoad (90ms)
				ProcessInitializeOnLoadAttributes (796ms)
				ProcessInitializeOnLoadMethodAttributes (100ms)
				AfterProcessingInitializeOnLoad (3ms)
				EditorAssembliesLoaded (1ms)
			ExecutionOrderSort2 (0ms)
			AwakeInstancesAfterBackupRestoration (9ms)
Platform modules already initialized, skipping
Refreshing native plugins compatible for Editor in 2.12 ms, found 3 plugins.
Preloading 0 native plugins for Editor in 0.00 ms.
Unloading 4140 Unused Serialized files (Serialized files now loaded: 0)
Unloading 33 unused Assets / (2.0 MB). Loaded Objects now: 4685.
Memory consumption went from 165.6 MB to 163.6 MB.
Total: 9.796400 ms (FindLiveObjects: 1.240300 ms CreateObjectMapping: 0.352000 ms MarkObjects: 6.586300 ms  DeleteObjects: 1.614800 ms)

AssetImportParameters requested are different than current active one (requested -> active):
  custom:video-decoder-ogg-theora: a1e56fd34408186e4bbccfd4996cb3dc -> 
  custom:container-muxer-webm: aa71ff27fc2769a1b78a27578f13a17b -> 
  custom:container-demuxer-webm: 4f35f7cbe854078d1ac9338744f61a02 -> 
  custom:video-encoder-webm-vp8: eb34c28f22e8b96e1ab97ce403110664 -> 
  custom:video-codec-MediaFoundation-h265: 746d11721c4dcdbdad8f713fa42b33f4 -> 
  custom:CustomObjectIndexerAttribute: bc11b3a6c3213fcdd17b65e7da85e133 -> 
  custom:audio-encoder-webm-vorbis: bf7c407c2cedff20999df2af8eb42d56 -> 
  custom:framework-win-MediaFoundation: 216162199b28c13a410421893ffa2e32 -> 
  custom:SearchIndexIgnoredProperties: e643bd26f0fe6173181afceb89e7c659 -> 
  custom:container-demuxer-ogg: 62fdf1f143b41e24485cea50d1cbac27 -> 
  custom:video-decoder-webm-vp8: 9c59270c3fd7afecdb556c50c9e8de78 -> 
  custom:audio-decoder-ogg-vorbis: bf7c407c2cedff20999df2af8eb42d56 -> 
========================================================================
Received Import Request.
  Time since last request: 126.393668 seconds.
  path: Assets/Prefabs/casa/casaMadera.prefab
  artifactKey: Guid(14df45bc98bb8bb4b839686bb705af22) Importer(815301076,1909f56bfc062723c751e8b465ee728b)
Number of updated assets reloaded before import = 0
Start importing Assets/Prefabs/casa/casaMadera.prefab using Guid(14df45bc98bb8bb4b839686bb705af22) Importer(815301076,1909f56bfc062723c751e8b465ee728b)  -> (artifact id: '7208d7c28647aa76cd6fedb261d972d4') in 0.069767 seconds 
Number of asset objects unloaded after import = 384
========================================================================
Received Import Request.
  Time since last request: 23.581570 seconds.
  path: Assets/Prefabs/casa/casaHormigon.prefab
  artifactKey: Guid(08f328029a1aad14a9023309ac9c19d5) Importer(815301076,1909f56bfc062723c751e8b465ee728b)
Number of updated assets reloaded before import = 0
Start importing Assets/Prefabs/casa/casaHormigon.prefab using Guid(08f328029a1aad14a9023309ac9c19d5) Importer(815301076,1909f56bfc062723c751e8b465ee728b)  -> (artifact id: 'c1e52ab4efa6d64ecf719ff271627a5a') in 0.025665 seconds 
Number of asset objects unloaded after import = 368
========================================================================
Received Import Request.
  Time since last request: 5.227659 seconds.
  path: Assets/Prefabs/casa/casaHormigon.prefab
  artifactKey: Guid(08f328029a1aad14a9023309ac9c19d5) Importer(815301076,1909f56bfc062723c751e8b465ee728b)
Number of updated assets reloaded before import = 0
Start importing Assets/Prefabs/casa/casaHormigon.prefab using Guid(08f328029a1aad14a9023309ac9c19d5) Importer(815301076,1909f56bfc062723c751e8b465ee728b)  -> (artifact id: '380ccd57173a5767f74aba6f1b54a32a') in 0.022783 seconds 
Number of asset objects unloaded after import = 368
========================================================================
Received Import Request.
  Time since last request: 7.430661 seconds.
  path: Assets/Prefabs/casa/casaHormigon.prefab
  artifactKey: Guid(08f328029a1aad14a9023309ac9c19d5) Importer(815301076,1909f56bfc062723c751e8b465ee728b)
Number of updated assets reloaded before import = 0
Start importing Assets/Prefabs/casa/casaHormigon.prefab using Guid(08f328029a1aad14a9023309ac9c19d5) Importer(815301076,1909f56bfc062723c751e8b465ee728b)  -> (artifact id: '5a3c6e06cdf7f1d5e5989fc6f6bfadd6') in 0.022622 seconds 
Number of asset objects unloaded after import = 368
========================================================================
Received Import Request.
  Time since last request: 4.741457 seconds.
  path: Assets/Prefabs/casa/casaHormigon.prefab
  artifactKey: Guid(08f328029a1aad14a9023309ac9c19d5) Importer(815301076,1909f56bfc062723c751e8b465ee728b)
Number of updated assets reloaded before import = 0
Start importing Assets/Prefabs/casa/casaHormigon.prefab using Guid(08f328029a1aad14a9023309ac9c19d5) Importer(815301076,1909f56bfc062723c751e8b465ee728b)  -> (artifact id: '1c62d9e3e1930df3e39008b04ada0c1f') in 0.023459 seconds 
Number of asset objects unloaded after import = 384
========================================================================
Received Import Request.
  Time since last request: 2.566598 seconds.
  path: Assets/Prefabs/casa/casaHormigon.prefab
  artifactKey: Guid(08f328029a1aad14a9023309ac9c19d5) Importer(815301076,1909f56bfc062723c751e8b465ee728b)
Number of updated assets reloaded before import = 0
Start importing Assets/Prefabs/casa/casaHormigon.prefab using Guid(08f328029a1aad14a9023309ac9c19d5) Importer(815301076,1909f56bfc062723c751e8b465ee728b)  -> (artifact id: '732ebadadd0ee4267832d90382455596') in 0.022030 seconds 
Number of asset objects unloaded after import = 384
========================================================================
Received Import Request.
  Time since last request: 3.624222 seconds.
  path: Assets/Prefabs/casa/casaHormigon.prefab
  artifactKey: Guid(08f328029a1aad14a9023309ac9c19d5) Importer(815301076,1909f56bfc062723c751e8b465ee728b)
Number of updated assets reloaded before import = 0
Start importing Assets/Prefabs/casa/casaHormigon.prefab using Guid(08f328029a1aad14a9023309ac9c19d5) Importer(815301076,1909f56bfc062723c751e8b465ee728b)  -> (artifact id: '1444bd7642fc051649a5f30c0a49284d') in 0.021455 seconds 
Number of asset objects unloaded after import = 384
========================================================================
Received Import Request.
  Time since last request: 6.665242 seconds.
  path: Assets/Prefabs/casa/casaHormigon.prefab
  artifactKey: Guid(08f328029a1aad14a9023309ac9c19d5) Importer(815301076,1909f56bfc062723c751e8b465ee728b)
Number of updated assets reloaded before import = 0
Start importing Assets/Prefabs/casa/casaHormigon.prefab using Guid(08f328029a1aad14a9023309ac9c19d5) Importer(815301076,1909f56bfc062723c751e8b465ee728b)  -> (artifact id: '42937c4a20673820e7fe640c2caaf9b0') in 0.023523 seconds 
Number of asset objects unloaded after import = 384
========================================================================
Received Import Request.
  Time since last request: 16.210774 seconds.
  path: Assets/Prefabs/edificio/edificioHormigon.prefab
  artifactKey: Guid(af2ed06df4dcc784e8c6e2a36fed245b) Importer(815301076,1909f56bfc062723c751e8b465ee728b)
Number of updated assets reloaded before import = 0
Start importing Assets/Prefabs/edificio/edificioHormigon.prefab using Guid(af2ed06df4dcc784e8c6e2a36fed245b) Importer(815301076,1909f56bfc062723c751e8b465ee728b)  -> (artifact id: '33fb054c295a702bb5fbf7a7ef791e09') in 0.033739 seconds 
Number of asset objects unloaded after import = 933
========================================================================
Received Import Request.
  Time since last request: 2.118044 seconds.
  path: Assets/Prefabs/edificio/edificioHormigon.prefab
  artifactKey: Guid(af2ed06df4dcc784e8c6e2a36fed245b) Importer(815301076,1909f56bfc062723c751e8b465ee728b)
Number of updated assets reloaded before import = 0
Start importing Assets/Prefabs/edificio/edificioHormigon.prefab using Guid(af2ed06df4dcc784e8c6e2a36fed245b) Importer(815301076,1909f56bfc062723c751e8b465ee728b)  -> (artifact id: '410c85d955759bdda864f7b035c0fa3e') in 0.028166 seconds 
Number of asset objects unloaded after import = 933
========================================================================
Received Import Request.
  Time since last request: 6.633304 seconds.
  path: Assets/Prefabs/edificio/edificioHormigon.prefab
  artifactKey: Guid(af2ed06df4dcc784e8c6e2a36fed245b) Importer(815301076,1909f56bfc062723c751e8b465ee728b)
Number of updated assets reloaded before import = 0
Start importing Assets/Prefabs/edificio/edificioHormigon.prefab using Guid(af2ed06df4dcc784e8c6e2a36fed245b) Importer(815301076,1909f56bfc062723c751e8b465ee728b)  -> (artifact id: 'b3af4a9760dadcd81830ece64555dbd3') in 0.029274 seconds 
Number of asset objects unloaded after import = 933
========================================================================
Received Import Request.
  Time since last request: 9.263663 seconds.
  path: Assets/Prefabs/edificio/edificioHormigon.prefab
  artifactKey: Guid(af2ed06df4dcc784e8c6e2a36fed245b) Importer(815301076,1909f56bfc062723c751e8b465ee728b)
Number of updated assets reloaded before import = 0
Start importing Assets/Prefabs/edificio/edificioHormigon.prefab using Guid(af2ed06df4dcc784e8c6e2a36fed245b) Importer(815301076,1909f56bfc062723c751e8b465ee728b)  -> (artifact id: 'd6bfee33f73164e1acb49a2054c207a3') in 0.032279 seconds 
Number of asset objects unloaded after import = 933
========================================================================
Received Import Request.
  Time since last request: 6.264595 seconds.
  path: Assets/Prefabs/edificio/edificioHormigon.prefab
  artifactKey: Guid(af2ed06df4dcc784e8c6e2a36fed245b) Importer(815301076,1909f56bfc062723c751e8b465ee728b)
Number of updated assets reloaded before import = 0
Start importing Assets/Prefabs/edificio/edificioHormigon.prefab using Guid(af2ed06df4dcc784e8c6e2a36fed245b) Importer(815301076,1909f56bfc062723c751e8b465ee728b)  -> (artifact id: 'f082496bfa8e012640721da6ad24ff5f') in 0.028400 seconds 
Number of asset objects unloaded after import = 950
========================================================================
Received Import Request.
  Time since last request: 3.395969 seconds.
  path: Assets/Prefabs/edificio/edificioHormigon.prefab
  artifactKey: Guid(af2ed06df4dcc784e8c6e2a36fed245b) Importer(815301076,1909f56bfc062723c751e8b465ee728b)
Number of updated assets reloaded before import = 0
Start importing Assets/Prefabs/edificio/edificioHormigon.prefab using Guid(af2ed06df4dcc784e8c6e2a36fed245b) Importer(815301076,1909f56bfc062723c751e8b465ee728b)  -> (artifact id: 'a145e6b96be08a539acbc3d167848763') in 0.028826 seconds 
Number of asset objects unloaded after import = 950
========================================================================
Received Import Request.
  Time since last request: 4.405895 seconds.
  path: Assets/Prefabs/edificio/edificioHormigon.prefab
  artifactKey: Guid(af2ed06df4dcc784e8c6e2a36fed245b) Importer(815301076,1909f56bfc062723c751e8b465ee728b)
Number of updated assets reloaded before import = 0
Start importing Assets/Prefabs/edificio/edificioHormigon.prefab using Guid(af2ed06df4dcc784e8c6e2a36fed245b) Importer(815301076,1909f56bfc062723c751e8b465ee728b)  -> (artifact id: '7cb5d675671c41bff12d0a1b9e408d10') in 0.030152 seconds 
Number of asset objects unloaded after import = 950
========================================================================
Received Import Request.
  Time since last request: 4.123586 seconds.
  path: Assets/Prefabs/edificio/edificioHormigon.prefab
  artifactKey: Guid(af2ed06df4dcc784e8c6e2a36fed245b) Importer(815301076,1909f56bfc062723c751e8b465ee728b)
Number of updated assets reloaded before import = 0
Start importing Assets/Prefabs/edificio/edificioHormigon.prefab using Guid(af2ed06df4dcc784e8c6e2a36fed245b) Importer(815301076,1909f56bfc062723c751e8b465ee728b)  -> (artifact id: '4562398449b8d260f6c7637bd727620d') in 0.028816 seconds 
Number of asset objects unloaded after import = 962
========================================================================
Received Import Request.
  Time since last request: 2.680617 seconds.
  path: Assets/Prefabs/edificio/edificioHormigon.prefab
  artifactKey: Guid(af2ed06df4dcc784e8c6e2a36fed245b) Importer(815301076,1909f56bfc062723c751e8b465ee728b)
Number of updated assets reloaded before import = 0
Start importing Assets/Prefabs/edificio/edificioHormigon.prefab using Guid(af2ed06df4dcc784e8c6e2a36fed245b) Importer(815301076,1909f56bfc062723c751e8b465ee728b)  -> (artifact id: '2444ba965dd68a2d22b76b011d5c98f7') in 0.027231 seconds 
Number of asset objects unloaded after import = 962
========================================================================
Received Import Request.
  Time since last request: 3.214327 seconds.
  path: Assets/Prefabs/edificio/edificioHormigon.prefab
  artifactKey: Guid(af2ed06df4dcc784e8c6e2a36fed245b) Importer(815301076,1909f56bfc062723c751e8b465ee728b)
Number of updated assets reloaded before import = 0
Start importing Assets/Prefabs/edificio/edificioHormigon.prefab using Guid(af2ed06df4dcc784e8c6e2a36fed245b) Importer(815301076,1909f56bfc062723c751e8b465ee728b)  -> (artifact id: '6f08a796f4bc7c60b6ac1e7ffa1f78cd') in 0.028476 seconds 
Number of asset objects unloaded after import = 962
========================================================================
Received Import Request.
  Time since last request: 5.409279 seconds.
  path: Assets/Prefabs/edificio/edificioHormigon.prefab
  artifactKey: Guid(af2ed06df4dcc784e8c6e2a36fed245b) Importer(815301076,1909f56bfc062723c751e8b465ee728b)
Number of updated assets reloaded before import = 0
Start importing Assets/Prefabs/edificio/edificioHormigon.prefab using Guid(af2ed06df4dcc784e8c6e2a36fed245b) Importer(815301076,1909f56bfc062723c751e8b465ee728b)  -> (artifact id: '7627bf55a3c774f4ea283519dca4fa21') in 0.029107 seconds 
Number of asset objects unloaded after import = 962
========================================================================
Received Import Request.
  Time since last request: 4.838862 seconds.
  path: Assets/Prefabs/edificio/edificioHormigon.prefab
  artifactKey: Guid(af2ed06df4dcc784e8c6e2a36fed245b) Importer(815301076,1909f56bfc062723c751e8b465ee728b)
Number of updated assets reloaded before import = 0
Start importing Assets/Prefabs/edificio/edificioHormigon.prefab using Guid(af2ed06df4dcc784e8c6e2a36fed245b) Importer(815301076,1909f56bfc062723c751e8b465ee728b)  -> (artifact id: 'b275efec2448ac06de8c41eaae234280') in 0.028067 seconds 
Number of asset objects unloaded after import = 979
========================================================================
Received Import Request.
  Time since last request: 3.892892 seconds.
  path: Assets/Prefabs/edificio/edificioHormigon.prefab
  artifactKey: Guid(af2ed06df4dcc784e8c6e2a36fed245b) Importer(815301076,1909f56bfc062723c751e8b465ee728b)
Number of updated assets reloaded before import = 0
Start importing Assets/Prefabs/edificio/edificioHormigon.prefab using Guid(af2ed06df4dcc784e8c6e2a36fed245b) Importer(815301076,1909f56bfc062723c751e8b465ee728b)  -> (artifact id: 'cbc47c3909139fbf41f3c07063029efa') in 0.028642 seconds 
Number of asset objects unloaded after import = 979
========================================================================
Received Import Request.
  Time since last request: 4.503033 seconds.
  path: Assets/Prefabs/edificio/edificioHormigon.prefab
  artifactKey: Guid(af2ed06df4dcc784e8c6e2a36fed245b) Importer(815301076,1909f56bfc062723c751e8b465ee728b)
Number of updated assets reloaded before import = 0
Start importing Assets/Prefabs/edificio/edificioHormigon.prefab using Guid(af2ed06df4dcc784e8c6e2a36fed245b) Importer(815301076,1909f56bfc062723c751e8b465ee728b)  -> (artifact id: '342474777e6b5beff6722493b33ab418') in 0.028426 seconds 
Number of asset objects unloaded after import = 979
========================================================================
Received Import Request.
  Time since last request: 5.248008 seconds.
  path: Assets/Prefabs/edificio/edificioHormigon.prefab
  artifactKey: Guid(af2ed06df4dcc784e8c6e2a36fed245b) Importer(815301076,1909f56bfc062723c751e8b465ee728b)
Number of updated assets reloaded before import = 0
Start importing Assets/Prefabs/edificio/edificioHormigon.prefab using Guid(af2ed06df4dcc784e8c6e2a36fed245b) Importer(815301076,1909f56bfc062723c751e8b465ee728b)  -> (artifact id: 'a550ac835d469bfff46ce41bdc3cee8a') in 0.029934 seconds 
Number of asset objects unloaded after import = 991
========================================================================
Received Import Request.
  Time since last request: 2.542315 seconds.
  path: Assets/Prefabs/edificio/edificioHormigon.prefab
  artifactKey: Guid(af2ed06df4dcc784e8c6e2a36fed245b) Importer(815301076,1909f56bfc062723c751e8b465ee728b)
Number of updated assets reloaded before import = 0
Start importing Assets/Prefabs/edificio/edificioHormigon.prefab using Guid(af2ed06df4dcc784e8c6e2a36fed245b) Importer(815301076,1909f56bfc062723c751e8b465ee728b)  -> (artifact id: '421e57aaf0e32b5dbf5c058716429365') in 0.030361 seconds 
Number of asset objects unloaded after import = 991
========================================================================
Received Import Request.
  Time since last request: 1.988774 seconds.
  path: Assets/Prefabs/edificio/edificioHormigon.prefab
  artifactKey: Guid(af2ed06df4dcc784e8c6e2a36fed245b) Importer(815301076,1909f56bfc062723c751e8b465ee728b)
Number of updated assets reloaded before import = 0
Start importing Assets/Prefabs/edificio/edificioHormigon.prefab using Guid(af2ed06df4dcc784e8c6e2a36fed245b) Importer(815301076,1909f56bfc062723c751e8b465ee728b)  -> (artifact id: '7b6a7eebda59839fdd86abb5b3cc4745') in 0.029067 seconds 
Number of asset objects unloaded after import = 991
========================================================================
Received Import Request.
  Time since last request: 5.016706 seconds.
  path: Assets/Prefabs/edificio/edificioHormigon.prefab
  artifactKey: Guid(af2ed06df4dcc784e8c6e2a36fed245b) Importer(815301076,1909f56bfc062723c751e8b465ee728b)
Number of updated assets reloaded before import = 0
Start importing Assets/Prefabs/edificio/edificioHormigon.prefab using Guid(af2ed06df4dcc784e8c6e2a36fed245b) Importer(815301076,1909f56bfc062723c751e8b465ee728b)  -> (artifact id: '7ecbaeb9e0beed5a558df34638f3c9d9') in 0.029249 seconds 
Number of asset objects unloaded after import = 991
========================================================================
Received Import Request.
  Time since last request: 4.659116 seconds.
  path: Assets/Prefabs/edificio/edificioHormigon.prefab
  artifactKey: Guid(af2ed06df4dcc784e8c6e2a36fed245b) Importer(815301076,1909f56bfc062723c751e8b465ee728b)
Number of updated assets reloaded before import = 0
Start importing Assets/Prefabs/edificio/edificioHormigon.prefab using Guid(af2ed06df4dcc784e8c6e2a36fed245b) Importer(815301076,1909f56bfc062723c751e8b465ee728b)  -> (artifact id: 'df3786cc6e9537b49a0747ce9fbde27d') in 0.029829 seconds 
Number of asset objects unloaded after import = 1008
========================================================================
Received Import Request.
  Time since last request: 4.809073 seconds.
  path: Assets/Prefabs/edificio/edificioHormigon.prefab
  artifactKey: Guid(af2ed06df4dcc784e8c6e2a36fed245b) Importer(815301076,1909f56bfc062723c751e8b465ee728b)
Number of updated assets reloaded before import = 0
Start importing Assets/Prefabs/edificio/edificioHormigon.prefab using Guid(af2ed06df4dcc784e8c6e2a36fed245b) Importer(815301076,1909f56bfc062723c751e8b465ee728b)  -> (artifact id: 'b1351824edb851ba8073aa1f23eb9b3b') in 0.030279 seconds 
Number of asset objects unloaded after import = 1008
========================================================================
Received Import Request.
  Time since last request: 4.834306 seconds.
  path: Assets/Prefabs/edificio/edificioHormigon.prefab
  artifactKey: Guid(af2ed06df4dcc784e8c6e2a36fed245b) Importer(815301076,1909f56bfc062723c751e8b465ee728b)
Number of updated assets reloaded before import = 0
Start importing Assets/Prefabs/edificio/edificioHormigon.prefab using Guid(af2ed06df4dcc784e8c6e2a36fed245b) Importer(815301076,1909f56bfc062723c751e8b465ee728b)  -> (artifact id: 'ede03f91b9192ce53dbbdee88d48682e') in 0.031750 seconds 
Number of asset objects unloaded after import = 1008
========================================================================
Received Import Request.
  Time since last request: 5.220157 seconds.
  path: Assets/Prefabs/edificio/edificioHormigon.prefab
  artifactKey: Guid(af2ed06df4dcc784e8c6e2a36fed245b) Importer(815301076,1909f56bfc062723c751e8b465ee728b)
Number of updated assets reloaded before import = 0
Start importing Assets/Prefabs/edificio/edificioHormigon.prefab using Guid(af2ed06df4dcc784e8c6e2a36fed245b) Importer(815301076,1909f56bfc062723c751e8b465ee728b)  -> (artifact id: '7e916607b439969dcd2747de7b0f856d') in 0.029064 seconds 
Number of asset objects unloaded after import = 1020
========================================================================
Received Import Request.
  Time since last request: 2.084667 seconds.
  path: Assets/Prefabs/edificio/edificioHormigon.prefab
  artifactKey: Guid(af2ed06df4dcc784e8c6e2a36fed245b) Importer(815301076,1909f56bfc062723c751e8b465ee728b)
Number of updated assets reloaded before import = 0
Start importing Assets/Prefabs/edificio/edificioHormigon.prefab using Guid(af2ed06df4dcc784e8c6e2a36fed245b) Importer(815301076,1909f56bfc062723c751e8b465ee728b)  -> (artifact id: 'a8bb1b5f49aa28d42d25b5b80b60f6a7') in 0.028992 seconds 
Number of asset objects unloaded after import = 1020
========================================================================
Received Import Request.
  Time since last request: 2.009665 seconds.
  path: Assets/Prefabs/edificio/edificioHormigon.prefab
  artifactKey: Guid(af2ed06df4dcc784e8c6e2a36fed245b) Importer(815301076,1909f56bfc062723c751e8b465ee728b)
Number of updated assets reloaded before import = 0
Start importing Assets/Prefabs/edificio/edificioHormigon.prefab using Guid(af2ed06df4dcc784e8c6e2a36fed245b) Importer(815301076,1909f56bfc062723c751e8b465ee728b)  -> (artifact id: '791a36dd2eb30ada87b96ca623518516') in 0.028819 seconds 
Number of asset objects unloaded after import = 1020
========================================================================
Received Import Request.
  Time since last request: 4.434420 seconds.
  path: Assets/Prefabs/edificio/edificioHormigon.prefab
  artifactKey: Guid(af2ed06df4dcc784e8c6e2a36fed245b) Importer(815301076,1909f56bfc062723c751e8b465ee728b)
Number of updated assets reloaded before import = 0
Start importing Assets/Prefabs/edificio/edificioHormigon.prefab using Guid(af2ed06df4dcc784e8c6e2a36fed245b) Importer(815301076,1909f56bfc062723c751e8b465ee728b)  -> (artifact id: '0d67221b4e4ebba7bbfc63def424859a') in 0.029870 seconds 
Number of asset objects unloaded after import = 1020
========================================================================
Received Import Request.
  Time since last request: 6.465809 seconds.
  path: Assets/Prefabs/edificio/edificioHormigon.prefab
  artifactKey: Guid(af2ed06df4dcc784e8c6e2a36fed245b) Importer(815301076,1909f56bfc062723c751e8b465ee728b)
Number of updated assets reloaded before import = 0
Start importing Assets/Prefabs/edificio/edificioHormigon.prefab using Guid(af2ed06df4dcc784e8c6e2a36fed245b) Importer(815301076,1909f56bfc062723c751e8b465ee728b)  -> (artifact id: '90d4ddc10af2299673e68b8b2fd65910') in 0.029096 seconds 
Number of asset objects unloaded after import = 1037
========================================================================
Received Import Request.
  Time since last request: 5.340909 seconds.
  path: Assets/Prefabs/edificio/edificioHormigon.prefab
  artifactKey: Guid(af2ed06df4dcc784e8c6e2a36fed245b) Importer(815301076,1909f56bfc062723c751e8b465ee728b)
Number of updated assets reloaded before import = 0
Start importing Assets/Prefabs/edificio/edificioHormigon.prefab using Guid(af2ed06df4dcc784e8c6e2a36fed245b) Importer(815301076,1909f56bfc062723c751e8b465ee728b)  -> (artifact id: 'bafbea01cd1119f8f6524fd451abf942') in 0.029527 seconds 
Number of asset objects unloaded after import = 1037
========================================================================
Received Import Request.
  Time since last request: 5.208773 seconds.
  path: Assets/Prefabs/edificio/edificioHormigon.prefab
  artifactKey: Guid(af2ed06df4dcc784e8c6e2a36fed245b) Importer(815301076,1909f56bfc062723c751e8b465ee728b)
Number of updated assets reloaded before import = 0
Start importing Assets/Prefabs/edificio/edificioHormigon.prefab using Guid(af2ed06df4dcc784e8c6e2a36fed245b) Importer(815301076,1909f56bfc062723c751e8b465ee728b)  -> (artifact id: '0b39790097b63dc2bf6b4baf91dd57ea') in 0.031216 seconds 
Number of asset objects unloaded after import = 1037
========================================================================
Received Prepare
Registering precompiled user dll's ...
Registered in 0.003731 seconds.
Begin MonoManager ReloadAssembly
Native extension for WindowsStandalone target not found
Refreshing native plugins compatible for Editor in 2.25 ms, found 3 plugins.
Preloading 0 native plugins for Editor in 0.00 ms.
[Package Manager] Server::EnsureServerProcessIsRunning -- launch failed, reason: Unity was launched with the -noUpm command-line argument
[Package Manager] Cannot connect to Unity Package Manager local server
Mono: successfully reloaded assembly
- Completed reload, in  2.029 seconds
Domain Reload Profiling:
	ReloadAssembly (2030ms)
		BeginReloadAssembly (154ms)
			ExecutionOrderSort (0ms)
			DisableScriptedObjects (4ms)
			BackupInstance (0ms)
			ReleaseScriptingObjects (0ms)
			CreateAndSetChildDomain (38ms)
		EndReloadAssembly (1773ms)
			LoadAssemblies (189ms)
			RebuildTransferFunctionScriptingTraits (0ms)
			SetupTypeCache (468ms)
			ReleaseScriptCaches (4ms)
			RebuildScriptCaches (88ms)
			SetupLoadedEditorAssemblies (978ms)
				LogAssemblyErrors (0ms)
				InitializePlatformSupportModulesInManaged (9ms)
				SetLoadedEditorAssemblies (1ms)
				RefreshPlugins (2ms)
				BeforeProcessingInitializeOnLoad (92ms)
				ProcessInitializeOnLoadAttributes (770ms)
				ProcessInitializeOnLoadMethodAttributes (100ms)
				AfterProcessingInitializeOnLoad (3ms)
				EditorAssembliesLoaded (0ms)
			ExecutionOrderSort2 (0ms)
			AwakeInstancesAfterBackupRestoration (10ms)
Platform modules already initialized, skipping
Refreshing native plugins compatible for Editor in 2.10 ms, found 3 plugins.
Preloading 0 native plugins for Editor in 0.00 ms.
Unloading 4140 Unused Serialized files (Serialized files now loaded: 0)
Unloading 33 unused Assets / (2.0 MB). Loaded Objects now: 4688.
Memory consumption went from 166.1 MB to 164.1 MB.
Total: 8.033400 ms (FindLiveObjects: 1.332400 ms CreateObjectMapping: 0.530700 ms MarkObjects: 5.164400 ms  DeleteObjects: 1.002500 ms)

AssetImportParameters requested are different than current active one (requested -> active):
  custom:video-decoder-ogg-theora: a1e56fd34408186e4bbccfd4996cb3dc -> 
  custom:container-muxer-webm: aa71ff27fc2769a1b78a27578f13a17b -> 
  custom:container-demuxer-webm: 4f35f7cbe854078d1ac9338744f61a02 -> 
  custom:video-encoder-webm-vp8: eb34c28f22e8b96e1ab97ce403110664 -> 
  custom:video-codec-MediaFoundation-h265: 746d11721c4dcdbdad8f713fa42b33f4 -> 
  custom:CustomObjectIndexerAttribute: bc11b3a6c3213fcdd17b65e7da85e133 -> 
  custom:audio-encoder-webm-vorbis: bf7c407c2cedff20999df2af8eb42d56 -> 
  custom:framework-win-MediaFoundation: 216162199b28c13a410421893ffa2e32 -> 
  custom:SearchIndexIgnoredProperties: e643bd26f0fe6173181afceb89e7c659 -> 
  custom:container-demuxer-ogg: 62fdf1f143b41e24485cea50d1cbac27 -> 
  custom:video-decoder-webm-vp8: 9c59270c3fd7afecdb556c50c9e8de78 -> 
  custom:audio-decoder-ogg-vorbis: bf7c407c2cedff20999df2af8eb42d56 -> 
========================================================================
Received Import Request.
  Time since last request: 87.110816 seconds.
  path: Assets/Prefabs/almacen/almacenMadera.prefab
  artifactKey: Guid(693df907ac295fa478b3f40f82b8ef19) Importer(815301076,1909f56bfc062723c751e8b465ee728b)
Number of updated assets reloaded before import = 0
Start importing Assets/Prefabs/almacen/almacenMadera.prefab using Guid(693df907ac295fa478b3f40f82b8ef19) Importer(815301076,1909f56bfc062723c751e8b465ee728b)  -> (artifact id: '0a132b271e1332ae8d35e5790f4eaa57') in 0.087832 seconds 
Number of asset objects unloaded after import = 818
========================================================================
Received Import Request.
  Time since last request: 3.038809 seconds.
  path: Assets/Prefabs/almacen/almacenMadera.prefab
  artifactKey: Guid(693df907ac295fa478b3f40f82b8ef19) Importer(815301076,1909f56bfc062723c751e8b465ee728b)
Number of updated assets reloaded before import = 0
Start importing Assets/Prefabs/almacen/almacenMadera.prefab using Guid(693df907ac295fa478b3f40f82b8ef19) Importer(815301076,1909f56bfc062723c751e8b465ee728b)  -> (artifact id: 'ccad05c0fe988264f96815cde44b8fe9') in 0.030232 seconds 
Number of asset objects unloaded after import = 836
========================================================================
Received Import Request.
  Time since last request: 3.407364 seconds.
  path: Assets/Prefabs/almacen/almacenMadera.prefab
  artifactKey: Guid(693df907ac295fa478b3f40f82b8ef19) Importer(815301076,1909f56bfc062723c751e8b465ee728b)
Number of updated assets reloaded before import = 0
Start importing Assets/Prefabs/almacen/almacenMadera.prefab using Guid(693df907ac295fa478b3f40f82b8ef19) Importer(815301076,1909f56bfc062723c751e8b465ee728b)  -> (artifact id: '143bc1972e8efc379fcb83cf5acf1df6') in 0.027075 seconds 
Number of asset objects unloaded after import = 836
========================================================================
Received Import Request.
  Time since last request: 70.541624 seconds.
  path: Assets/Prefabs/almacen/almacenMadera.prefab
  artifactKey: Guid(693df907ac295fa478b3f40f82b8ef19) Importer(815301076,1909f56bfc062723c751e8b465ee728b)
Number of updated assets reloaded before import = 0
Start importing Assets/Prefabs/almacen/almacenMadera.prefab using Guid(693df907ac295fa478b3f40f82b8ef19) Importer(815301076,1909f56bfc062723c751e8b465ee728b)  -> (artifact id: 'ff589c74053c201767a35ad5c6117886') in 0.026505 seconds 
Number of asset objects unloaded after import = 836
========================================================================
Received Import Request.
  Time since last request: 6.358105 seconds.
  path: Assets/Prefabs/almacen/almacenMadera.prefab
  artifactKey: Guid(693df907ac295fa478b3f40f82b8ef19) Importer(815301076,1909f56bfc062723c751e8b465ee728b)
Number of updated assets reloaded before import = 0
Start importing Assets/Prefabs/almacen/almacenMadera.prefab using Guid(693df907ac295fa478b3f40f82b8ef19) Importer(815301076,1909f56bfc062723c751e8b465ee728b)  -> (artifact id: '3a8a544827f47859de6bd2fe3ebde05e') in 0.030336 seconds 
Number of asset objects unloaded after import = 863
========================================================================
Received Import Request.
  Time since last request: 3.423532 seconds.
  path: Assets/Prefabs/almacen/almacenMadera.prefab
  artifactKey: Guid(693df907ac295fa478b3f40f82b8ef19) Importer(815301076,1909f56bfc062723c751e8b465ee728b)
Number of updated assets reloaded before import = 0
Start importing Assets/Prefabs/almacen/almacenMadera.prefab using Guid(693df907ac295fa478b3f40f82b8ef19) Importer(815301076,1909f56bfc062723c751e8b465ee728b)  -> (artifact id: 'e102ee5f85a6f8f0193e3eda71078516') in 0.026515 seconds 
Number of asset objects unloaded after import = 863
========================================================================
Received Import Request.
  Time since last request: 4.623230 seconds.
  path: Assets/Prefabs/almacen/almacenMadera.prefab
  artifactKey: Guid(693df907ac295fa478b3f40f82b8ef19) Importer(815301076,1909f56bfc062723c751e8b465ee728b)
Number of updated assets reloaded before import = 0
Start importing Assets/Prefabs/almacen/almacenMadera.prefab using Guid(693df907ac295fa478b3f40f82b8ef19) Importer(815301076,1909f56bfc062723c751e8b465ee728b)  -> (artifact id: 'dbc842d7fefd3b86bafe989d08af9410') in 0.030636 seconds 
Number of asset objects unloaded after import = 863
========================================================================
Received Import Request.
  Time since last request: 8.600774 seconds.
  path: Assets/Prefabs/almacen/almacenMadera.prefab
  artifactKey: Guid(693df907ac295fa478b3f40f82b8ef19) Importer(815301076,1909f56bfc062723c751e8b465ee728b)
Number of updated assets reloaded before import = 0
Start importing Assets/Prefabs/almacen/almacenMadera.prefab using Guid(693df907ac295fa478b3f40f82b8ef19) Importer(815301076,1909f56bfc062723c751e8b465ee728b)  -> (artifact id: '0bfc1c4d13ceb6fb5d1cdb4129f37ce0') in 0.031508 seconds 
Number of asset objects unloaded after import = 881
========================================================================
Received Import Request.
  Time since last request: 2.432959 seconds.
  path: Assets/Prefabs/almacen/almacenMadera.prefab
  artifactKey: Guid(693df907ac295fa478b3f40f82b8ef19) Importer(815301076,1909f56bfc062723c751e8b465ee728b)
Number of updated assets reloaded before import = 0
Start importing Assets/Prefabs/almacen/almacenMadera.prefab using Guid(693df907ac295fa478b3f40f82b8ef19) Importer(815301076,1909f56bfc062723c751e8b465ee728b)  -> (artifact id: '6933577f354c397d7bb6bec0b2cd8a16') in 0.030676 seconds 
Number of asset objects unloaded after import = 881
========================================================================
Received Import Request.
  Time since last request: 1.793199 seconds.
  path: Assets/Prefabs/almacen/almacenMadera.prefab
  artifactKey: Guid(693df907ac295fa478b3f40f82b8ef19) Importer(815301076,1909f56bfc062723c751e8b465ee728b)
Number of updated assets reloaded before import = 0
Start importing Assets/Prefabs/almacen/almacenMadera.prefab using Guid(693df907ac295fa478b3f40f82b8ef19) Importer(815301076,1909f56bfc062723c751e8b465ee728b)  -> (artifact id: '814d3cc6ad438e88becc3fceece1be6d') in 0.031087 seconds 
Number of asset objects unloaded after import = 881
========================================================================
Received Import Request.
  Time since last request: 6.245373 seconds.
  path: Assets/Prefabs/almacen/almacenMadera.prefab
  artifactKey: Guid(693df907ac295fa478b3f40f82b8ef19) Importer(815301076,1909f56bfc062723c751e8b465ee728b)
Number of updated assets reloaded before import = 0
Start importing Assets/Prefabs/almacen/almacenMadera.prefab using Guid(693df907ac295fa478b3f40f82b8ef19) Importer(815301076,1909f56bfc062723c751e8b465ee728b)  -> (artifact id: 'f2e2efc12f8ec7ef21793d89ef8122ff') in 0.032308 seconds 
Number of asset objects unloaded after import = 881
========================================================================
Received Import Request.
  Time since last request: 7.500063 seconds.
  path: Assets/Prefabs/almacen/almacenMadera.prefab
  artifactKey: Guid(693df907ac295fa478b3f40f82b8ef19) Importer(815301076,1909f56bfc062723c751e8b465ee728b)
Number of updated assets reloaded before import = 0
Start importing Assets/Prefabs/almacen/almacenMadera.prefab using Guid(693df907ac295fa478b3f40f82b8ef19) Importer(815301076,1909f56bfc062723c751e8b465ee728b)  -> (artifact id: '0a703aca3030049aacce860705b40e65') in 0.029764 seconds 
Number of asset objects unloaded after import = 908
========================================================================
Received Import Request.
  Time since last request: 5.863570 seconds.
  path: Assets/Prefabs/almacen/almacenMadera.prefab
  artifactKey: Guid(693df907ac295fa478b3f40f82b8ef19) Importer(815301076,1909f56bfc062723c751e8b465ee728b)
Number of updated assets reloaded before import = 0
Start importing Assets/Prefabs/almacen/almacenMadera.prefab using Guid(693df907ac295fa478b3f40f82b8ef19) Importer(815301076,1909f56bfc062723c751e8b465ee728b)  -> (artifact id: '23254b1cc87cbc24ed5434eafcb8dc60') in 0.031388 seconds 
Number of asset objects unloaded after import = 908
========================================================================
Received Import Request.
  Time since last request: 9.676161 seconds.
  path: Assets/Prefabs/almacen/almacenMadera.prefab
  artifactKey: Guid(693df907ac295fa478b3f40f82b8ef19) Importer(815301076,1909f56bfc062723c751e8b465ee728b)
Number of updated assets reloaded before import = 0
Start importing Assets/Prefabs/almacen/almacenMadera.prefab using Guid(693df907ac295fa478b3f40f82b8ef19) Importer(815301076,1909f56bfc062723c751e8b465ee728b)  -> (artifact id: '6c8f7b7a02f94c5696fbb14b16f5604c') in 0.030938 seconds 
Number of asset objects unloaded after import = 908
========================================================================
Received Import Request.
  Time since last request: 3.413522 seconds.
  path: Assets/Prefabs/almacen/almacenMadera.prefab
  artifactKey: Guid(693df907ac295fa478b3f40f82b8ef19) Importer(815301076,1909f56bfc062723c751e8b465ee728b)
Number of updated assets reloaded before import = 0
Start importing Assets/Prefabs/almacen/almacenMadera.prefab using Guid(693df907ac295fa478b3f40f82b8ef19) Importer(815301076,1909f56bfc062723c751e8b465ee728b)  -> (artifact id: 'c371177c6486cc9b60562bb035252a5d') in 0.031274 seconds 
Number of asset objects unloaded after import = 908
========================================================================
Received Import Request.
  Time since last request: 18.868676 seconds.
  path: Assets/Prefabs/casa/casaMadera.prefab
  artifactKey: Guid(14df45bc98bb8bb4b839686bb705af22) Importer(815301076,1909f56bfc062723c751e8b465ee728b)
Number of updated assets reloaded before import = 0
Start importing Assets/Prefabs/casa/casaMadera.prefab using Guid(14df45bc98bb8bb4b839686bb705af22) Importer(815301076,1909f56bfc062723c751e8b465ee728b)  -> (artifact id: '88b775a28fa40dff281b21a4e0035f62') in 0.027632 seconds 
Number of asset objects unloaded after import = 384
========================================================================
Received Import Request.
  Time since last request: 6.032536 seconds.
  path: Assets/Prefabs/casa/casaMadera.prefab
  artifactKey: Guid(14df45bc98bb8bb4b839686bb705af22) Importer(815301076,1909f56bfc062723c751e8b465ee728b)
Number of updated assets reloaded before import = 0
Start importing Assets/Prefabs/casa/casaMadera.prefab using Guid(14df45bc98bb8bb4b839686bb705af22) Importer(815301076,1909f56bfc062723c751e8b465ee728b)  -> (artifact id: 'b524eab55146590c1e875d6c595b0ba9') in 0.025488 seconds 
Number of asset objects unloaded after import = 384
========================================================================
Received Import Request.
  Time since last request: 6.008157 seconds.
  path: Assets/Prefabs/casa/casaMadera.prefab
  artifactKey: Guid(14df45bc98bb8bb4b839686bb705af22) Importer(815301076,1909f56bfc062723c751e8b465ee728b)
Number of updated assets reloaded before import = 0
Start importing Assets/Prefabs/casa/casaMadera.prefab using Guid(14df45bc98bb8bb4b839686bb705af22) Importer(815301076,1909f56bfc062723c751e8b465ee728b)  -> (artifact id: '75501e94301c62f838ef36c5280e64a1') in 0.023453 seconds 
Number of asset objects unloaded after import = 384
========================================================================
Received Import Request.
  Time since last request: 1.978059 seconds.
  path: Assets/Prefabs/casa/casaMadera.prefab
  artifactKey: Guid(14df45bc98bb8bb4b839686bb705af22) Importer(815301076,1909f56bfc062723c751e8b465ee728b)
Number of updated assets reloaded before import = 0
Start importing Assets/Prefabs/casa/casaMadera.prefab using Guid(14df45bc98bb8bb4b839686bb705af22) Importer(815301076,1909f56bfc062723c751e8b465ee728b)  -> (artifact id: '8104675358aa07c85003d72d757bd47b') in 0.022714 seconds 
Number of asset objects unloaded after import = 384
========================================================================
Received Import Request.
  Time since last request: 3.401954 seconds.
  path: Assets/Prefabs/casa/casaMadera.prefab
  artifactKey: Guid(14df45bc98bb8bb4b839686bb705af22) Importer(815301076,1909f56bfc062723c751e8b465ee728b)
Number of updated assets reloaded before import = 0
Start importing Assets/Prefabs/casa/casaMadera.prefab using Guid(14df45bc98bb8bb4b839686bb705af22) Importer(815301076,1909f56bfc062723c751e8b465ee728b)  -> (artifact id: '7c872a0503e97d9e4d92c026d735f3bf') in 0.024219 seconds 
Number of asset objects unloaded after import = 384
========================================================================
Received Import Request.
  Time since last request: 58.645869 seconds.
  path: Assets/Prefabs/edificio/edificioMadera.prefab
  artifactKey: Guid(8973ba076e81a2d489e5e97d7357da2d) Importer(815301076,1909f56bfc062723c751e8b465ee728b)
Number of updated assets reloaded before import = 0
Start importing Assets/Prefabs/edificio/edificioMadera.prefab using Guid(8973ba076e81a2d489e5e97d7357da2d) Importer(815301076,1909f56bfc062723c751e8b465ee728b)  -> (artifact id: 'a5d643c44458ce112a316af8db432d2f') in 0.033273 seconds 
Number of asset objects unloaded after import = 971
========================================================================
Received Import Request.
  Time since last request: 2.446897 seconds.
  path: Assets/Prefabs/edificio/edificioMadera.prefab
  artifactKey: Guid(8973ba076e81a2d489e5e97d7357da2d) Importer(815301076,1909f56bfc062723c751e8b465ee728b)
Number of updated assets reloaded before import = 0
Start importing Assets/Prefabs/edificio/edificioMadera.prefab using Guid(8973ba076e81a2d489e5e97d7357da2d) Importer(815301076,1909f56bfc062723c751e8b465ee728b)  -> (artifact id: '155f43683526eaa212f183713bdcdfc1') in 0.030812 seconds 
Number of asset objects unloaded after import = 971
========================================================================
Received Import Request.
  Time since last request: 2.392626 seconds.
  path: Assets/Prefabs/edificio/edificioMadera.prefab
  artifactKey: Guid(8973ba076e81a2d489e5e97d7357da2d) Importer(815301076,1909f56bfc062723c751e8b465ee728b)
Number of updated assets reloaded before import = 0
Start importing Assets/Prefabs/edificio/edificioMadera.prefab using Guid(8973ba076e81a2d489e5e97d7357da2d) Importer(815301076,1909f56bfc062723c751e8b465ee728b)  -> (artifact id: 'cec5bb6b25a71b7cc382fdcd8a93a27c') in 0.029028 seconds 
Number of asset objects unloaded after import = 971
========================================================================
Received Import Request.
  Time since last request: 3.808607 seconds.
  path: Assets/Prefabs/edificio/edificioMadera.prefab
  artifactKey: Guid(8973ba076e81a2d489e5e97d7357da2d) Importer(815301076,1909f56bfc062723c751e8b465ee728b)
Number of updated assets reloaded before import = 0
Start importing Assets/Prefabs/edificio/edificioMadera.prefab using Guid(8973ba076e81a2d489e5e97d7357da2d) Importer(815301076,1909f56bfc062723c751e8b465ee728b)  -> (artifact id: 'aa99ca591b44e3c26ddf6c9aed71b3c5') in 0.031919 seconds 
Number of asset objects unloaded after import = 971
========================================================================
Received Import Request.
  Time since last request: 43.679596 seconds.
  path: Assets/Prefabs/edificio/edificioMadera.prefab
  artifactKey: Guid(8973ba076e81a2d489e5e97d7357da2d) Importer(815301076,1909f56bfc062723c751e8b465ee728b)
Number of updated assets reloaded before import = 0
Start importing Assets/Prefabs/edificio/edificioMadera.prefab using Guid(8973ba076e81a2d489e5e97d7357da2d) Importer(815301076,1909f56bfc062723c751e8b465ee728b)  -> (artifact id: 'f4392c711f8f9c2c7b68e391b79470e8') in 0.029146 seconds 
Number of asset objects unloaded after import = 1039
========================================================================
Received Import Request.
  Time since last request: 3.216433 seconds.
  path: Assets/Prefabs/edificio/edificioMadera.prefab
  artifactKey: Guid(8973ba076e81a2d489e5e97d7357da2d) Importer(815301076,1909f56bfc062723c751e8b465ee728b)
Number of updated assets reloaded before import = 0
Start importing Assets/Prefabs/edificio/edificioMadera.prefab using Guid(8973ba076e81a2d489e5e97d7357da2d) Importer(815301076,1909f56bfc062723c751e8b465ee728b)  -> (artifact id: '6fe60cd4450a284bc4403038878f448e') in 0.030041 seconds 
Number of asset objects unloaded after import = 1039
========================================================================
Received Import Request.
  Time since last request: 3.825359 seconds.
  path: Assets/Prefabs/edificio/edificioMadera.prefab
  artifactKey: Guid(8973ba076e81a2d489e5e97d7357da2d) Importer(815301076,1909f56bfc062723c751e8b465ee728b)
Number of updated assets reloaded before import = 0
Start importing Assets/Prefabs/edificio/edificioMadera.prefab using Guid(8973ba076e81a2d489e5e97d7357da2d) Importer(815301076,1909f56bfc062723c751e8b465ee728b)  -> (artifact id: '60f305f6c5b4325ff8ca46c67983937d') in 0.031512 seconds 
Number of asset objects unloaded after import = 1039
========================================================================
Received Import Request.
  Time since last request: 24.329121 seconds.
  path: Assets/Prefabs/casa/casaMetal.prefab
  artifactKey: Guid(5c40c15d474fcbc419965241f7bb440a) Importer(815301076,1909f56bfc062723c751e8b465ee728b)
Number of updated assets reloaded before import = 0
Start importing Assets/Prefabs/casa/casaMetal.prefab using Guid(5c40c15d474fcbc419965241f7bb440a) Importer(815301076,1909f56bfc062723c751e8b465ee728b)  -> (artifact id: '96caedec6b137d5703befe81fac24e60') in 0.029382 seconds 
Number of asset objects unloaded after import = 370
========================================================================
Received Import Request.
  Time since last request: 6.627871 seconds.
  path: Assets/Prefabs/casa/casaMetal.prefab
  artifactKey: Guid(5c40c15d474fcbc419965241f7bb440a) Importer(815301076,1909f56bfc062723c751e8b465ee728b)
Number of updated assets reloaded before import = 0
Start importing Assets/Prefabs/casa/casaMetal.prefab using Guid(5c40c15d474fcbc419965241f7bb440a) Importer(815301076,1909f56bfc062723c751e8b465ee728b)  -> (artifact id: 'b30b12aa9e6b58c65aca627a28d64b74') in 0.023720 seconds 
Number of asset objects unloaded after import = 370
========================================================================
Received Import Request.
  Time since last request: 8.298785 seconds.
  path: Assets/Prefabs/casa/casaMetal.prefab
  artifactKey: Guid(5c40c15d474fcbc419965241f7bb440a) Importer(815301076,1909f56bfc062723c751e8b465ee728b)
Number of updated assets reloaded before import = 0
Start importing Assets/Prefabs/casa/casaMetal.prefab using Guid(5c40c15d474fcbc419965241f7bb440a) Importer(815301076,1909f56bfc062723c751e8b465ee728b)  -> (artifact id: '1df9578fe8f2520f93ea061c96cc2b63') in 0.023206 seconds 
Number of asset objects unloaded after import = 370
========================================================================
Received Import Request.
  Time since last request: 6.902352 seconds.
  path: Assets/Prefabs/casa/casaMetal.prefab
  artifactKey: Guid(5c40c15d474fcbc419965241f7bb440a) Importer(815301076,1909f56bfc062723c751e8b465ee728b)
Number of updated assets reloaded before import = 0
Start importing Assets/Prefabs/casa/casaMetal.prefab using Guid(5c40c15d474fcbc419965241f7bb440a) Importer(815301076,1909f56bfc062723c751e8b465ee728b)  -> (artifact id: 'dd1a2edc4b586ae58e77737867886823') in 0.024421 seconds 
Number of asset objects unloaded after import = 386
========================================================================
Received Import Request.
  Time since last request: 1.897092 seconds.
  path: Assets/Prefabs/casa/casaMetal.prefab
  artifactKey: Guid(5c40c15d474fcbc419965241f7bb440a) Importer(815301076,1909f56bfc062723c751e8b465ee728b)
Number of updated assets reloaded before import = 0
Start importing Assets/Prefabs/casa/casaMetal.prefab using Guid(5c40c15d474fcbc419965241f7bb440a) Importer(815301076,1909f56bfc062723c751e8b465ee728b)  -> (artifact id: 'fa6a2f58a52971a9a60ea4da9c25e022') in 0.023887 seconds 
Number of asset objects unloaded after import = 386
========================================================================
Received Import Request.
  Time since last request: 1.994099 seconds.
  path: Assets/Prefabs/casa/casaMetal.prefab
  artifactKey: Guid(5c40c15d474fcbc419965241f7bb440a) Importer(815301076,1909f56bfc062723c751e8b465ee728b)
Number of updated assets reloaded before import = 0
Start importing Assets/Prefabs/casa/casaMetal.prefab using Guid(5c40c15d474fcbc419965241f7bb440a) Importer(815301076,1909f56bfc062723c751e8b465ee728b)  -> (artifact id: 'f6545c9d43763a7ebae1168e7eef6e14') in 0.028961 seconds 
Number of asset objects unloaded after import = 386
========================================================================
Received Import Request.
  Time since last request: 3.801031 seconds.
  path: Assets/Prefabs/casa/casaMetal.prefab
  artifactKey: Guid(5c40c15d474fcbc419965241f7bb440a) Importer(815301076,1909f56bfc062723c751e8b465ee728b)
Number of updated assets reloaded before import = 0
Start importing Assets/Prefabs/casa/casaMetal.prefab using Guid(5c40c15d474fcbc419965241f7bb440a) Importer(815301076,1909f56bfc062723c751e8b465ee728b)  -> (artifact id: 'e02d411c8a60cf25b16b3d1524639240') in 0.024640 seconds 
Number of asset objects unloaded after import = 386
========================================================================
Received Import Request.
  Time since last request: 34.453071 seconds.
  path: Assets/Prefabs/almacen/almacenMetal.prefab
  artifactKey: Guid(69c96b27176879243975f41e9a553381) Importer(815301076,1909f56bfc062723c751e8b465ee728b)
Number of updated assets reloaded before import = 0
Start importing Assets/Prefabs/almacen/almacenMetal.prefab using Guid(69c96b27176879243975f41e9a553381) Importer(815301076,1909f56bfc062723c751e8b465ee728b)  -> (artifact id: '7ed77f563b9cedd9f140f6d4feaf926b') in 0.030839 seconds 
Number of asset objects unloaded after import = 856
========================================================================
Received Import Request.
  Time since last request: 2.030975 seconds.
  path: Assets/Prefabs/almacen/almacenMetal.prefab
  artifactKey: Guid(69c96b27176879243975f41e9a553381) Importer(815301076,1909f56bfc062723c751e8b465ee728b)
Number of updated assets reloaded before import = 0
Start importing Assets/Prefabs/almacen/almacenMetal.prefab using Guid(69c96b27176879243975f41e9a553381) Importer(815301076,1909f56bfc062723c751e8b465ee728b)  -> (artifact id: '750214ef2f8bdc64b21a1ea2313b7a73') in 0.031338 seconds 
Number of asset objects unloaded after import = 856
========================================================================
Received Import Request.
  Time since last request: 2.196017 seconds.
  path: Assets/Prefabs/almacen/almacenMetal.prefab
  artifactKey: Guid(69c96b27176879243975f41e9a553381) Importer(815301076,1909f56bfc062723c751e8b465ee728b)
Number of updated assets reloaded before import = 0
Start importing Assets/Prefabs/almacen/almacenMetal.prefab using Guid(69c96b27176879243975f41e9a553381) Importer(815301076,1909f56bfc062723c751e8b465ee728b)  -> (artifact id: '450c4eb24b01e6870ca5416531107960') in 0.028014 seconds 
Number of asset objects unloaded after import = 856
========================================================================
Received Import Request.
  Time since last request: 5.433677 seconds.
  path: Assets/Prefabs/almacen/almacenMetal.prefab
  artifactKey: Guid(69c96b27176879243975f41e9a553381) Importer(815301076,1909f56bfc062723c751e8b465ee728b)
Number of updated assets reloaded before import = 0
Start importing Assets/Prefabs/almacen/almacenMetal.prefab using Guid(69c96b27176879243975f41e9a553381) Importer(815301076,1909f56bfc062723c751e8b465ee728b)  -> (artifact id: '94143e546a2bbf87e3144dda0dabdc6f') in 0.030676 seconds 
Number of asset objects unloaded after import = 856
========================================================================
Received Import Request.
  Time since last request: 19.117956 seconds.
  path: Assets/Prefabs/almacen/almacenMetal.prefab
  artifactKey: Guid(69c96b27176879243975f41e9a553381) Importer(815301076,1909f56bfc062723c751e8b465ee728b)
Number of updated assets reloaded before import = 0
Start importing Assets/Prefabs/almacen/almacenMetal.prefab using Guid(69c96b27176879243975f41e9a553381) Importer(815301076,1909f56bfc062723c751e8b465ee728b)  -> (artifact id: '901486c0898ac65e3cb0dcc619991c81') in 0.030178 seconds 
Number of asset objects unloaded after import = 910
========================================================================
Received Import Request.
  Time since last request: 3.596814 seconds.
  path: Assets/Prefabs/almacen/almacenMetal.prefab
  artifactKey: Guid(69c96b27176879243975f41e9a553381) Importer(815301076,1909f56bfc062723c751e8b465ee728b)
Number of updated assets reloaded before import = 0
Start importing Assets/Prefabs/almacen/almacenMetal.prefab using Guid(69c96b27176879243975f41e9a553381) Importer(815301076,1909f56bfc062723c751e8b465ee728b)  -> (artifact id: 'd771dcd2ed278fca1a976dea1cb36581') in 0.029220 seconds 
Number of asset objects unloaded after import = 910
========================================================================
Received Import Request.
  Time since last request: 4.644009 seconds.
  path: Assets/Prefabs/almacen/almacenMetal.prefab
  artifactKey: Guid(69c96b27176879243975f41e9a553381) Importer(815301076,1909f56bfc062723c751e8b465ee728b)
Number of updated assets reloaded before import = 0
Start importing Assets/Prefabs/almacen/almacenMetal.prefab using Guid(69c96b27176879243975f41e9a553381) Importer(815301076,1909f56bfc062723c751e8b465ee728b)  -> (artifact id: '667c85652d4780448b14c60838d0f1db') in 0.029677 seconds 
Number of asset objects unloaded after import = 910
========================================================================
Received Import Request.
  Time since last request: 41.465120 seconds.
  path: Assets/Prefabs/edificio/edificioMetal.prefab
  artifactKey: Guid(3aac7b53ba863074a8998881512bfb83) Importer(815301076,1909f56bfc062723c751e8b465ee728b)
Number of updated assets reloaded before import = 0
Start importing Assets/Prefabs/edificio/edificioMetal.prefab using Guid(3aac7b53ba863074a8998881512bfb83) Importer(815301076,1909f56bfc062723c751e8b465ee728b)  -> (artifact id: '604209d3dac66ec1e05f162cc16d042f') in 0.034026 seconds 
Number of asset objects unloaded after import = 971
========================================================================
Received Import Request.
  Time since last request: 1.930235 seconds.
  path: Assets/Prefabs/edificio/edificioMetal.prefab
  artifactKey: Guid(3aac7b53ba863074a8998881512bfb83) Importer(815301076,1909f56bfc062723c751e8b465ee728b)
Number of updated assets reloaded before import = 0
Start importing Assets/Prefabs/edificio/edificioMetal.prefab using Guid(3aac7b53ba863074a8998881512bfb83) Importer(815301076,1909f56bfc062723c751e8b465ee728b)  -> (artifact id: 'c1cea0b82f21f1034af6bbc4548730d3') in 0.032086 seconds 
Number of asset objects unloaded after import = 971
========================================================================
Received Import Request.
  Time since last request: 2.012160 seconds.
  path: Assets/Prefabs/edificio/edificioMetal.prefab
  artifactKey: Guid(3aac7b53ba863074a8998881512bfb83) Importer(815301076,1909f56bfc062723c751e8b465ee728b)
Number of updated assets reloaded before import = 0
Start importing Assets/Prefabs/edificio/edificioMetal.prefab using Guid(3aac7b53ba863074a8998881512bfb83) Importer(815301076,1909f56bfc062723c751e8b465ee728b)  -> (artifact id: 'f09063e134bfbbdd61877bc3784fa4e3') in 0.028848 seconds 
Number of asset objects unloaded after import = 971
========================================================================
Received Import Request.
  Time since last request: 5.032858 seconds.
  path: Assets/Prefabs/edificio/edificioMetal.prefab
  artifactKey: Guid(3aac7b53ba863074a8998881512bfb83) Importer(815301076,1909f56bfc062723c751e8b465ee728b)
Number of updated assets reloaded before import = 0
Start importing Assets/Prefabs/edificio/edificioMetal.prefab using Guid(3aac7b53ba863074a8998881512bfb83) Importer(815301076,1909f56bfc062723c751e8b465ee728b)  -> (artifact id: 'f03f95d4157ee82e804e4c442c454cec') in 0.030513 seconds 
Number of asset objects unloaded after import = 971
========================================================================
Received Import Request.
  Time since last request: 31.654632 seconds.
  path: Assets/Prefabs/edificio/edificioMetal.prefab
  artifactKey: Guid(3aac7b53ba863074a8998881512bfb83) Importer(815301076,1909f56bfc062723c751e8b465ee728b)
Number of updated assets reloaded before import = 0
Start importing Assets/Prefabs/edificio/edificioMetal.prefab using Guid(3aac7b53ba863074a8998881512bfb83) Importer(815301076,1909f56bfc062723c751e8b465ee728b)  -> (artifact id: 'aee148163bfae8ecec6f9a0c4374adbe') in 0.030972 seconds 
Number of asset objects unloaded after import = 1039
========================================================================
Received Import Request.
  Time since last request: 6.868361 seconds.
  path: Assets/Prefabs/edificio/edificioMetal.prefab
  artifactKey: Guid(3aac7b53ba863074a8998881512bfb83) Importer(815301076,1909f56bfc062723c751e8b465ee728b)
Number of updated assets reloaded before import = 0
Start importing Assets/Prefabs/edificio/edificioMetal.prefab using Guid(3aac7b53ba863074a8998881512bfb83) Importer(815301076,1909f56bfc062723c751e8b465ee728b)  -> (artifact id: '853d303d1272c6e60965ff498ec5aff5') in 0.031416 seconds 
Number of asset objects unloaded after import = 1039
========================================================================
Received Import Request.
  Time since last request: 6.409346 seconds.
  path: Assets/Prefabs/edificio/edificioMetal.prefab
  artifactKey: Guid(3aac7b53ba863074a8998881512bfb83) Importer(815301076,1909f56bfc062723c751e8b465ee728b)
Number of updated assets reloaded before import = 0
Start importing Assets/Prefabs/edificio/edificioMetal.prefab using Guid(3aac7b53ba863074a8998881512bfb83) Importer(815301076,1909f56bfc062723c751e8b465ee728b)  -> (artifact id: '4b7b1dd12da545f11fbb82ab32ed220c') in 0.034520 seconds 
Number of asset objects unloaded after import = 1039
========================================================================
Received Prepare
Registering precompiled user dll's ...
Registered in 0.003284 seconds.
Begin MonoManager ReloadAssembly
Native extension for WindowsStandalone target not found
Refreshing native plugins compatible for Editor in 2.30 ms, found 3 plugins.
Preloading 0 native plugins for Editor in 0.00 ms.
[Package Manager] Server::EnsureServerProcessIsRunning -- launch failed, reason: Unity was launched with the -noUpm command-line argument
[Package Manager] Cannot connect to Unity Package Manager local server
Mono: successfully reloaded assembly
- Completed reload, in  2.270 seconds
Domain Reload Profiling:
	ReloadAssembly (2272ms)
		BeginReloadAssembly (346ms)
			ExecutionOrderSort (0ms)
			DisableScriptedObjects (11ms)
			BackupInstance (0ms)
			ReleaseScriptingObjects (0ms)
			CreateAndSetChildDomain (126ms)
		EndReloadAssembly (1786ms)
			LoadAssemblies (257ms)
			RebuildTransferFunctionScriptingTraits (0ms)
			SetupTypeCache (470ms)
			ReleaseScriptCaches (4ms)
			RebuildScriptCaches (79ms)
			SetupLoadedEditorAssemblies (995ms)
				LogAssemblyErrors (0ms)
				InitializePlatformSupportModulesInManaged (8ms)
				SetLoadedEditorAssemblies (3ms)
				RefreshPlugins (2ms)
				BeforeProcessingInitializeOnLoad (92ms)
				ProcessInitializeOnLoadAttributes (785ms)
				ProcessInitializeOnLoadMethodAttributes (101ms)
				AfterProcessingInitializeOnLoad (3ms)
				EditorAssembliesLoaded (0ms)
			ExecutionOrderSort2 (0ms)
			AwakeInstancesAfterBackupRestoration (10ms)
Platform modules already initialized, skipping
Refreshing native plugins compatible for Editor in 2.10 ms, found 3 plugins.
Preloading 0 native plugins for Editor in 0.00 ms.
Unloading 4140 Unused Serialized files (Serialized files now loaded: 0)
Unloading 33 unused Assets / (2.0 MB). Loaded Objects now: 4691.
Memory consumption went from 167.2 MB to 165.2 MB.
Total: 10.599100 ms (FindLiveObjects: 1.396400 ms CreateObjectMapping: 0.940100 ms MarkObjects: 6.284800 ms  DeleteObjects: 1.974600 ms)

AssetImportParameters requested are different than current active one (requested -> active):
  custom:video-decoder-ogg-theora: a1e56fd34408186e4bbccfd4996cb3dc -> 
  custom:container-muxer-webm: aa71ff27fc2769a1b78a27578f13a17b -> 
  custom:container-demuxer-webm: 4f35f7cbe854078d1ac9338744f61a02 -> 
  custom:video-encoder-webm-vp8: eb34c28f22e8b96e1ab97ce403110664 -> 
  custom:video-codec-MediaFoundation-h265: 746d11721c4dcdbdad8f713fa42b33f4 -> 
  custom:CustomObjectIndexerAttribute: bc11b3a6c3213fcdd17b65e7da85e133 -> 
  custom:audio-encoder-webm-vorbis: bf7c407c2cedff20999df2af8eb42d56 -> 
  custom:framework-win-MediaFoundation: 216162199b28c13a410421893ffa2e32 -> 
  custom:SearchIndexIgnoredProperties: e643bd26f0fe6173181afceb89e7c659 -> 
  custom:container-demuxer-ogg: 62fdf1f143b41e24485cea50d1cbac27 -> 
  custom:video-decoder-webm-vp8: 9c59270c3fd7afecdb556c50c9e8de78 -> 
  custom:audio-decoder-ogg-vorbis: bf7c407c2cedff20999df2af8eb42d56 -> 
